2017-06-15 17:03:34,068 [Worker-1] INFO  j.exodus.env.EnvironmentImpl - Exodus environment created: C:\dev\workspace\.metadata\com.genuitec.eclipse.webclipse.livepreview\0\store
2017-06-15 17:03:35,215 [Worker-19] INFO  j.exodus.env.EnvironmentImpl - Exodus environment created: C:\dev\workspace\.metadata\com.genuitec.eclipse.webclipse.livepreview\1\store
2017-06-16 09:23:06,596 [Worker-58] INFO  j.exodus.env.EnvironmentImpl - Exodus environment created: C:\dev\workspace\.metadata\com.genuitec.eclipse.webclipse.livepreview\0\store
2017-06-16 09:23:11,900 [Worker-57] INFO  j.exodus.env.EnvironmentImpl - Exodus environment created: C:\dev\workspace\.metadata\com.genuitec.eclipse.webclipse.livepreview\1\store
2017-06-19 10:39:31,265 [Worker-74] INFO  j.exodus.env.EnvironmentImpl - Exodus environment created: C:\dev\workspace\.metadata\com.genuitec.eclipse.webclipse.livepreview\0\store
2017-06-19 10:42:04,524 [Worker-75] INFO  j.exodus.env.EnvironmentImpl - Exodus environment created: C:\dev\workspace\.metadata\com.genuitec.eclipse.webclipse.livepreview\1\store
2017-06-21 15:28:04,618 [Worker-164] INFO  j.exodus.env.EnvironmentImpl - Exodus environment created: C:\dev\workspace\.metadata\com.genuitec.eclipse.webclipse.livepreview\0\store
2017-06-21 15:28:04,759 [Worker-164] INFO  j.exodus.env.EnvironmentImpl - Exodus environment created: C:\dev\workspace\.metadata\com.genuitec.eclipse.webclipse.livepreview\1\store
2017-06-23 16:24:48,200 [Worker-116] INFO  j.exodus.env.EnvironmentImpl - Exodus environment created: C:\dev\workspace\.metadata\com.genuitec.eclipse.webclipse.livepreview\0\store
2017-06-23 16:24:48,293 [Worker-116] INFO  j.exodus.env.EnvironmentImpl - Exodus environment created: C:\dev\workspace\.metadata\com.genuitec.eclipse.webclipse.livepreview\1\store
2017-06-23 17:29:00,374 [Worker-29] INFO  j.exodus.env.EnvironmentImpl - Exodus environment created: C:\dev\workspace\.metadata\com.genuitec.eclipse.webclipse.livepreview\0\store
2017-06-23 17:29:00,421 [Worker-29] INFO  j.exodus.env.EnvironmentImpl - Exodus environment created: C:\dev\workspace\.metadata\com.genuitec.eclipse.webclipse.livepreview\1\store
2017-06-26 09:13:10,008 [Worker-24] INFO  j.exodus.env.EnvironmentImpl - Exodus environment created: C:\dev\workspace\.metadata\com.genuitec.eclipse.webclipse.livepreview\0\store
2017-06-26 09:13:10,124 [Worker-24] INFO  j.exodus.env.EnvironmentImpl - Exodus environment created: C:\dev\workspace\.metadata\com.genuitec.eclipse.webclipse.livepreview\1\store
2017-06-27 08:58:13,686 [Worker-2] INFO  j.exodus.env.EnvironmentImpl - Exodus environment created: C:\dev\workspace\.metadata\com.genuitec.eclipse.webclipse.livepreview\0\store
2017-06-27 08:58:14,624 [Worker-2] INFO  j.exodus.env.EnvironmentImpl - Exodus environment created: C:\dev\workspace\.metadata\com.genuitec.eclipse.webclipse.livepreview\1\store
2017-06-28 09:14:46,961 [Worker-20] INFO  j.exodus.env.EnvironmentImpl - Exodus environment created: C:\dev\workspace\.metadata\com.genuitec.eclipse.webclipse.livepreview\0\store
2017-06-28 09:14:47,101 [Worker-20] INFO  j.exodus.env.EnvironmentImpl - Exodus environment created: C:\dev\workspace\.metadata\com.genuitec.eclipse.webclipse.livepreview\1\store
2017-06-29 09:07:24,432 [Worker-20] INFO  j.exodus.env.EnvironmentImpl - Exodus environment created: C:\dev\workspace\.metadata\com.genuitec.eclipse.webclipse.livepreview\0\store
2017-06-29 09:07:24,572 [Worker-20] INFO  j.exodus.env.EnvironmentImpl - Exodus environment created: C:\dev\workspace\.metadata\com.genuitec.eclipse.webclipse.livepreview\1\store
2017-06-29 14:22:05,385 [Worker-6] INFO  j.exodus.env.EnvironmentImpl - Exodus environment created: C:\dev\workspace\.metadata\com.genuitec.eclipse.webclipse.livepreview\0\store
2017-06-29 14:22:41,524 [Worker-23] INFO  j.exodus.env.EnvironmentImpl - Exodus environment created: C:\dev\workspace\.metadata\com.genuitec.eclipse.webclipse.livepreview\1\store
2017-06-30 09:13:43,237 [Worker-11] INFO  j.exodus.env.EnvironmentImpl - Exodus environment created: C:\dev\workspace\.metadata\com.genuitec.eclipse.webclipse.livepreview\0\store
2017-06-30 09:13:43,307 [Worker-11] INFO  j.exodus.env.EnvironmentImpl - Exodus environment created: C:\dev\workspace\.metadata\com.genuitec.eclipse.webclipse.livepreview\1\store
2017-06-30 15:54:32,383 [Worker-179] INFO  j.exodus.env.EnvironmentImpl - Store get cache hit rate: 0.0%
2017-06-30 15:54:32,383 [Worker-179] INFO  j.exodus.env.EnvironmentImpl - Tree nodes cache hit rate: 0.0%
2017-06-30 15:54:32,383 [Worker-179] INFO  j.exodus.env.EnvironmentImpl - Exodus log cache hit rate: 43.9%
2017-06-30 16:18:01,416 [Worker-202] INFO  j.exodus.env.EnvironmentImpl - Exodus environment created: C:\dev\workspace\.metadata\com.genuitec.eclipse.webclipse.livepreview\1\store
2017-06-30 16:22:14,972 [Worker-11] INFO  j.exodus.env.EnvironmentImpl - Exodus environment created: C:\dev\workspace\.metadata\com.genuitec.eclipse.webclipse.livepreview\0\store
2017-06-30 16:22:15,029 [Worker-11] INFO  j.exodus.env.EnvironmentImpl - Exodus environment created: C:\dev\workspace\.metadata\com.genuitec.eclipse.webclipse.livepreview\1\store
2017-07-03 09:12:02,559 [Worker-30] INFO  j.exodus.env.EnvironmentImpl - Exodus environment created: C:\dev\workspace\.metadata\com.genuitec.eclipse.webclipse.livepreview\0\store
2017-07-03 09:18:13,254 [Worker-36] INFO  j.exodus.env.EnvironmentImpl - Exodus environment created: C:\dev\workspace\.metadata\com.genuitec.eclipse.webclipse.livepreview\1\store
2017-07-04 09:08:01,946 [Worker-0] INFO  j.exodus.env.EnvironmentImpl - Exodus environment created: C:\dev\workspace\.metadata\com.genuitec.eclipse.webclipse.livepreview\0\store
2017-07-04 09:08:02,761 [Worker-0] INFO  j.exodus.env.EnvironmentImpl - Exodus environment created: C:\dev\workspace\.metadata\com.genuitec.eclipse.webclipse.livepreview\1\store
2017-07-04 15:24:07,805 [Worker-1] INFO  j.exodus.env.EnvironmentImpl - Exodus environment created: C:\dev\workspace\.metadata\com.genuitec.eclipse.webclipse.livepreview\0\store
2017-07-04 15:24:08,057 [Worker-1] INFO  j.exodus.env.EnvironmentImpl - Exodus environment created: C:\dev\workspace\.metadata\com.genuitec.eclipse.webclipse.livepreview\1\store
2017-07-05 09:30:16,823 [Worker-24] INFO  j.exodus.env.EnvironmentImpl - Exodus environment created: C:\dev\workspace\.metadata\com.genuitec.eclipse.webclipse.livepreview\0\store
2017-07-05 09:35:42,405 [Worker-31] INFO  j.exodus.env.EnvironmentImpl - Exodus environment created: C:\dev\workspace\.metadata\com.genuitec.eclipse.webclipse.livepreview\1\store
2017-07-06 09:06:31,563 [Worker-57] INFO  j.exodus.env.EnvironmentImpl - Exodus environment created: C:\dev\workspace\.metadata\com.genuitec.eclipse.webclipse.livepreview\0\store
2017-07-06 09:06:31,696 [Worker-57] INFO  j.exodus.env.EnvironmentImpl - Exodus environment created: C:\dev\workspace\.metadata\com.genuitec.eclipse.webclipse.livepreview\1\store
2017-07-06 10:11:25,347 [Worker-77] INFO  j.exodus.env.EnvironmentImpl - Exodus environment created: C:\dev\workspace\.metadata\com.genuitec.eclipse.webclipse.livepreview\2\store
2017-07-10 09:17:00,622 [Worker-9] INFO  j.exodus.env.EnvironmentImpl - Exodus environment created: C:\dev\workspace\.metadata\com.genuitec.eclipse.webclipse.livepreview\0\store
2017-07-10 09:17:00,755 [Worker-9] INFO  j.exodus.env.EnvironmentImpl - Exodus environment created: C:\dev\workspace\.metadata\com.genuitec.eclipse.webclipse.livepreview\1\store
2017-07-10 09:17:04,326 [Worker-9] INFO  j.exodus.env.EnvironmentImpl - Exodus environment created: C:\dev\workspace\.metadata\com.genuitec.eclipse.webclipse.livepreview\2\store
2017-07-10 15:05:55,645 [Worker-11] INFO  j.exodus.env.EnvironmentImpl - Exodus environment created: C:\dev\workspace\.metadata\com.genuitec.eclipse.webclipse.livepreview\0\store
2017-07-10 15:05:55,719 [Worker-11] INFO  j.exodus.env.EnvironmentImpl - Exodus environment created: C:\dev\workspace\.metadata\com.genuitec.eclipse.webclipse.livepreview\1\store
2017-07-10 15:05:58,056 [Worker-11] INFO  j.exodus.env.EnvironmentImpl - Exodus environment created: C:\dev\workspace\.metadata\com.genuitec.eclipse.webclipse.livepreview\2\store
2017-07-11 09:04:41,043 [Worker-8] INFO  j.exodus.env.EnvironmentImpl - Exodus environment created: C:\dev\workspace\.metadata\com.genuitec.eclipse.webclipse.livepreview\0\store
2017-07-11 09:04:41,766 [Worker-8] INFO  j.exodus.env.EnvironmentImpl - Exodus environment created: C:\dev\workspace\.metadata\com.genuitec.eclipse.webclipse.livepreview\1\store
2017-07-11 09:04:45,879 [Worker-8] INFO  j.exodus.env.EnvironmentImpl - Exodus environment created: C:\dev\workspace\.metadata\com.genuitec.eclipse.webclipse.livepreview\2\store
2017-07-11 09:04:46,037 [Worker-8] INFO  j.exodus.env.EnvironmentImpl - Exodus environment created: C:\dev\workspace\.metadata\com.genuitec.eclipse.webclipse.livepreview\3\store
2017-07-11 09:23:26,435 [Worker-2] INFO  j.exodus.env.EnvironmentImpl - Store get cache hit rate: 0.0%
2017-07-11 09:23:26,436 [Worker-2] INFO  j.exodus.env.EnvironmentImpl - Tree nodes cache hit rate: 0.0%
2017-07-11 09:23:26,436 [Worker-2] INFO  j.exodus.env.EnvironmentImpl - Exodus log cache hit rate: 0.0%
2017-07-11 09:23:26,443 [Worker-2] INFO  j.exodus.env.EnvironmentImpl - Store get cache hit rate: 0.0%
2017-07-11 09:23:26,443 [Worker-2] INFO  j.exodus.env.EnvironmentImpl - Tree nodes cache hit rate: 0.0%
2017-07-11 09:23:26,443 [Worker-2] INFO  j.exodus.env.EnvironmentImpl - Exodus log cache hit rate: 0.0%
2017-07-11 09:23:26,449 [Worker-2] INFO  j.exodus.env.EnvironmentImpl - Store get cache hit rate: 0.0%
2017-07-11 09:23:26,449 [Worker-2] INFO  j.exodus.env.EnvironmentImpl - Tree nodes cache hit rate: 0.0%
2017-07-11 09:23:26,449 [Worker-2] INFO  j.exodus.env.EnvironmentImpl - Exodus log cache hit rate: 0.7%
2017-07-12 08:55:15,608 [Worker-15] INFO  j.exodus.env.EnvironmentImpl - Exodus environment created: C:\dev\workspace\.metadata\com.genuitec.eclipse.webclipse.livepreview\0\store
2017-07-12 14:11:32,444 [Worker-19] INFO  j.exodus.env.EnvironmentImpl - Exodus environment created: C:\dev\workspace\.metadata\com.genuitec.eclipse.webclipse.livepreview\0\store
2017-07-13 08:34:52,703 [Worker-19] INFO  j.exodus.env.EnvironmentImpl - Exodus environment created: C:\dev\workspace\.metadata\com.genuitec.eclipse.webclipse.livepreview\0\store
2017-07-14 09:05:34,607 [Worker-17] INFO  j.exodus.env.EnvironmentImpl - Exodus environment created: C:\dev\workspace\.metadata\com.genuitec.eclipse.webclipse.livepreview\0\store
2017-07-14 10:59:26,317 [Worker-53] INFO  j.exodus.env.EnvironmentImpl - Exodus environment created: C:\dev\workspace\.metadata\com.genuitec.eclipse.webclipse.livepreview\0\store
2017-07-17 11:06:08,351 [Worker-63] INFO  j.exodus.env.EnvironmentImpl - Exodus environment created: C:\dev\workspace\.metadata\com.genuitec.eclipse.webclipse.livepreview\0\store
2017-07-18 13:25:02,565 [Worker-134] INFO  j.exodus.env.EnvironmentImpl - Exodus environment created: C:\dev\workspace\.metadata\com.genuitec.eclipse.webclipse.livepreview\0\store
2017-07-19 11:14:35,818 [Worker-42] INFO  j.exodus.env.EnvironmentImpl - Exodus environment created: C:\dev\workspace\.metadata\com.genuitec.eclipse.webclipse.livepreview\0\store
2017-07-19 17:02:23,878 [Worker-28] INFO  j.exodus.env.EnvironmentImpl - Exodus environment created: C:\dev\workspace\.metadata\com.genuitec.eclipse.webclipse.livepreview\0\store
2017-07-20 09:10:59,098 [Worker-0] INFO  j.exodus.env.EnvironmentImpl - Exodus environment created: C:\dev\workspace\.metadata\com.genuitec.eclipse.webclipse.livepreview\0\store
2017-07-24 09:05:39,451 [Worker-24] INFO  j.exodus.env.EnvironmentImpl - Exodus environment created: C:\dev\workspace\.metadata\com.genuitec.eclipse.webclipse.livepreview\0\store
2017-07-24 09:07:26,912 [Worker-4] INFO  j.exodus.env.EnvironmentImpl - Exodus environment created: C:\dev\workspace\.metadata\com.genuitec.eclipse.webclipse.livepreview\0\store
2017-07-24 18:20:20,406 [Worker-7] INFO  j.exodus.env.EnvironmentImpl - Exodus environment created: C:\dev\workspace\.metadata\com.genuitec.eclipse.webclipse.livepreview\0\store
2017-07-25 09:22:01,848 [Worker-24] INFO  j.exodus.env.EnvironmentImpl - Exodus environment created: C:\dev\workspace\.metadata\com.genuitec.eclipse.webclipse.livepreview\0\store
2017-07-25 16:26:21,909 [Worker-9] INFO  j.exodus.env.EnvironmentImpl - Exodus environment created: C:\dev\workspace\.metadata\com.genuitec.eclipse.webclipse.livepreview\0\store
2017-07-25 16:33:00,767 [Worker-0] INFO  j.exodus.env.EnvironmentImpl - Exodus environment created: C:\dev\workspace\.metadata\com.genuitec.eclipse.webclipse.livepreview\0\store
2017-07-25 16:38:43,553 [Worker-1] INFO  j.exodus.env.EnvironmentImpl - Exodus environment created: C:\dev\workspace\.metadata\com.genuitec.eclipse.webclipse.livepreview\0\store
2017-07-26 08:33:08,469 [Worker-4] INFO  j.exodus.env.EnvironmentImpl - Exodus environment created: C:\dev\workspace\.metadata\com.genuitec.eclipse.webclipse.livepreview\0\store
2017-07-26 12:44:37,371 [Worker-1] INFO  j.exodus.env.EnvironmentImpl - Exodus environment created: C:\dev\workspace\.metadata\com.genuitec.eclipse.webclipse.livepreview\0\store
2017-07-26 16:06:24,870 [Worker-11] INFO  j.exodus.env.EnvironmentImpl - Exodus environment created: C:\dev\workspace\.metadata\com.genuitec.eclipse.webclipse.livepreview\0\store
2017-07-27 08:49:09,914 [Worker-10] INFO  j.exodus.env.EnvironmentImpl - Exodus environment created: C:\dev\workspace\.metadata\com.genuitec.eclipse.webclipse.livepreview\0\store
2017-07-27 18:00:38,797 [Worker-7] INFO  j.exodus.env.EnvironmentImpl - Exodus environment created: C:\dev\workspace\.metadata\com.genuitec.eclipse.webclipse.livepreview\0\store
2017-07-28 08:55:33,817 [Worker-18] INFO  j.exodus.env.EnvironmentImpl - Exodus environment created: C:\dev\workspace\.metadata\com.genuitec.eclipse.webclipse.livepreview\0\store
2017-07-28 17:08:58,848 [Worker-1] INFO  j.exodus.env.EnvironmentImpl - Exodus environment created: C:\dev\workspace\.metadata\com.genuitec.eclipse.webclipse.livepreview\0\store
2017-08-04 16:20:07,184 [Worker-10] INFO  j.exodus.env.EnvironmentImpl - Exodus environment created: C:\dev\workspace\.metadata\com.genuitec.eclipse.webclipse.livepreview\0\store
2017-08-18 13:34:51,712 [Worker-102] INFO  o.e.m.c.i.p.ProjectConfigurationManager - Update started
2017-08-18 13:34:55,933 [Worker-102] INFO  o.e.m.c.i.l.LifecycleMappingFactory - Using org.eclipse.m2e.jdt.JarLifecycleMapping lifecycle mapping for MavenProject: com.wikibooks.hadoop:hadoop-beginner-examples:1.0 @ C:\dev\hadoop\example\pom.xml.
2017-08-18 13:34:56,662 [Worker-102] INFO  o.e.m.c.i.e.AbstractTransferListenerAdapter - Downloaded https://repository.jboss.org/nexus/content/repositories/releases/org/apache/hadoop/hadoop-core/1.2.1/hadoop-core-1.2.1.pom
2017-08-18 13:34:59,447 [Worker-102] INFO  o.e.m.c.i.e.AbstractTransferListenerAdapter - Downloading https://repo.maven.apache.org/maven2/org/apache/hadoop/hadoop-core/1.2.1/hadoop-core-1.2.1.pom
2017-08-18 13:34:59,901 [Worker-102] INFO  o.e.m.c.i.e.AbstractTransferListenerAdapter - Downloaded https://repo.maven.apache.org/maven2/org/apache/hadoop/hadoop-core/1.2.1/hadoop-core-1.2.1.pom
2017-08-18 13:35:00,015 [Worker-102] INFO  o.e.m.c.i.e.AbstractTransferListenerAdapter - Downloaded https://repository.jboss.org/nexus/content/repositories/releases/xmlenc/xmlenc/0.52/xmlenc-0.52.pom
2017-08-18 13:35:00,396 [Worker-102] INFO  o.e.m.c.i.e.AbstractTransferListenerAdapter - Downloading https://repo.maven.apache.org/maven2/xmlenc/xmlenc/0.52/xmlenc-0.52.pom
2017-08-18 13:35:00,782 [Worker-102] INFO  o.e.m.c.i.e.AbstractTransferListenerAdapter - Downloaded https://repo.maven.apache.org/maven2/xmlenc/xmlenc/0.52/xmlenc-0.52.pom
2017-08-18 13:35:00,794 [Worker-102] INFO  o.e.m.c.i.e.AbstractTransferListenerAdapter - Downloaded https://repository.jboss.org/nexus/content/repositories/releases/com/sun/jersey/jersey-core/1.8/jersey-core-1.8.pom
2017-08-18 13:35:01,170 [Worker-102] INFO  o.e.m.c.i.e.AbstractTransferListenerAdapter - Downloading https://repo.maven.apache.org/maven2/com/sun/jersey/jersey-core/1.8/jersey-core-1.8.pom
2017-08-18 13:35:01,644 [Worker-102] INFO  o.e.m.c.i.e.AbstractTransferListenerAdapter - Downloaded https://repo.maven.apache.org/maven2/com/sun/jersey/jersey-core/1.8/jersey-core-1.8.pom
2017-08-18 13:35:01,657 [Worker-102] INFO  o.e.m.c.i.e.AbstractTransferListenerAdapter - Downloaded https://repository.jboss.org/nexus/content/repositories/releases/com/sun/jersey/jersey-project/1.8/jersey-project-1.8.pom
2017-08-18 13:35:02,015 [Worker-102] INFO  o.e.m.c.i.e.AbstractTransferListenerAdapter - Downloading https://repo.maven.apache.org/maven2/com/sun/jersey/jersey-project/1.8/jersey-project-1.8.pom
2017-08-18 13:35:02,643 [Worker-102] INFO  o.e.m.c.i.e.AbstractTransferListenerAdapter - Downloaded https://repo.maven.apache.org/maven2/com/sun/jersey/jersey-project/1.8/jersey-project-1.8.pom
2017-08-18 13:35:02,657 [Worker-102] INFO  o.e.m.c.i.e.AbstractTransferListenerAdapter - Downloaded https://repository.jboss.org/nexus/content/repositories/releases/com/sun/jersey/jersey-json/1.8/jersey-json-1.8.pom
2017-08-18 13:35:03,069 [Worker-102] INFO  o.e.m.c.i.e.AbstractTransferListenerAdapter - Downloading https://repo.maven.apache.org/maven2/com/sun/jersey/jersey-json/1.8/jersey-json-1.8.pom
2017-08-18 13:35:03,483 [Worker-102] INFO  o.e.m.c.i.e.AbstractTransferListenerAdapter - Downloaded https://repo.maven.apache.org/maven2/com/sun/jersey/jersey-json/1.8/jersey-json-1.8.pom
2017-08-18 13:35:03,498 [Worker-102] INFO  o.e.m.c.i.e.AbstractTransferListenerAdapter - Downloaded https://repository.jboss.org/nexus/content/repositories/releases/org/codehaus/jettison/jettison/1.1/jettison-1.1.pom
2017-08-18 13:35:03,885 [Worker-102] INFO  o.e.m.c.i.e.AbstractTransferListenerAdapter - Downloading https://repo.maven.apache.org/maven2/org/codehaus/jettison/jettison/1.1/jettison-1.1.pom
2017-08-18 13:35:04,265 [Worker-102] INFO  o.e.m.c.i.e.AbstractTransferListenerAdapter - Downloaded https://repo.maven.apache.org/maven2/org/codehaus/jettison/jettison/1.1/jettison-1.1.pom
2017-08-18 13:35:04,278 [Worker-102] INFO  o.e.m.c.i.e.AbstractTransferListenerAdapter - Downloaded https://repository.jboss.org/nexus/content/repositories/releases/stax/stax-api/1.0.1/stax-api-1.0.1.pom
2017-08-18 13:35:04,677 [Worker-102] INFO  o.e.m.c.i.e.AbstractTransferListenerAdapter - Downloading https://repo.maven.apache.org/maven2/stax/stax-api/1.0.1/stax-api-1.0.1.pom
2017-08-18 13:35:05,031 [Worker-102] INFO  o.e.m.c.i.e.AbstractTransferListenerAdapter - Downloaded https://repo.maven.apache.org/maven2/stax/stax-api/1.0.1/stax-api-1.0.1.pom
2017-08-18 13:35:05,047 [Worker-102] INFO  o.e.m.c.i.e.AbstractTransferListenerAdapter - Downloaded https://repository.jboss.org/nexus/content/repositories/releases/com/sun/xml/bind/jaxb-impl/2.2.3-1/jaxb-impl-2.2.3-1.pom
2017-08-18 13:35:05,389 [Worker-102] INFO  o.e.m.c.i.e.AbstractTransferListenerAdapter - Downloading https://repo.maven.apache.org/maven2/com/sun/xml/bind/jaxb-impl/2.2.3-1/jaxb-impl-2.2.3-1.pom
2017-08-18 13:35:05,817 [Worker-102] INFO  o.e.m.c.i.e.AbstractTransferListenerAdapter - Downloaded https://repo.maven.apache.org/maven2/com/sun/xml/bind/jaxb-impl/2.2.3-1/jaxb-impl-2.2.3-1.pom
2017-08-18 13:35:05,852 [Worker-102] INFO  o.e.m.c.i.e.AbstractTransferListenerAdapter - Downloaded https://repository.jboss.org/nexus/content/repositories/releases/javax/xml/bind/jaxb-api/2.2.2/jaxb-api-2.2.2.pom
2017-08-18 13:35:06,252 [Worker-102] INFO  o.e.m.c.i.e.AbstractTransferListenerAdapter - Downloading https://repo.maven.apache.org/maven2/javax/xml/bind/jaxb-api/2.2.2/jaxb-api-2.2.2.pom
2017-08-18 13:35:06,612 [Worker-102] INFO  o.e.m.c.i.e.AbstractTransferListenerAdapter - Downloaded https://repo.maven.apache.org/maven2/javax/xml/bind/jaxb-api/2.2.2/jaxb-api-2.2.2.pom
2017-08-18 13:35:06,625 [Worker-102] INFO  o.e.m.c.i.e.AbstractTransferListenerAdapter - Downloaded https://repository.jboss.org/nexus/content/repositories/releases/javax/xml/stream/stax-api/1.0-2/stax-api-1.0-2.pom
2017-08-18 13:35:07,009 [Worker-102] INFO  o.e.m.c.i.e.AbstractTransferListenerAdapter - Downloading https://repo.maven.apache.org/maven2/javax/xml/stream/stax-api/1.0-2/stax-api-1.0-2.pom
2017-08-18 13:35:07,430 [Worker-102] INFO  o.e.m.c.i.e.AbstractTransferListenerAdapter - Downloaded https://repo.maven.apache.org/maven2/javax/xml/stream/stax-api/1.0-2/stax-api-1.0-2.pom
2017-08-18 13:35:08,153 [Worker-102] INFO  o.e.m.c.i.e.AbstractTransferListenerAdapter - Downloaded https://repository.jboss.org/nexus/content/repositories/releases/javax/activation/activation/1.1/activation-1.1.pom
2017-08-18 13:35:08,541 [Worker-102] INFO  o.e.m.c.i.e.AbstractTransferListenerAdapter - Downloading https://repo.maven.apache.org/maven2/javax/activation/activation/1.1/activation-1.1.pom
2017-08-18 13:35:08,891 [Worker-102] INFO  o.e.m.c.i.e.AbstractTransferListenerAdapter - Downloaded https://repo.maven.apache.org/maven2/javax/activation/activation/1.1/activation-1.1.pom
2017-08-18 13:35:08,903 [Worker-102] INFO  o.e.m.c.i.e.AbstractTransferListenerAdapter - Downloaded https://repository.jboss.org/nexus/content/repositories/releases/org/codehaus/jackson/jackson-core-asl/1.7.1/jackson-core-asl-1.7.1.pom
2017-08-18 13:35:09,251 [Worker-102] INFO  o.e.m.c.i.e.AbstractTransferListenerAdapter - Downloading https://repo.maven.apache.org/maven2/org/codehaus/jackson/jackson-core-asl/1.7.1/jackson-core-asl-1.7.1.pom
2017-08-18 13:35:09,637 [Worker-102] INFO  o.e.m.c.i.e.AbstractTransferListenerAdapter - Downloaded https://repo.maven.apache.org/maven2/org/codehaus/jackson/jackson-core-asl/1.7.1/jackson-core-asl-1.7.1.pom
2017-08-18 13:35:09,648 [Worker-102] INFO  o.e.m.c.i.e.AbstractTransferListenerAdapter - Downloaded https://repository.jboss.org/nexus/content/repositories/releases/org/codehaus/jackson/jackson-mapper-asl/1.7.1/jackson-mapper-asl-1.7.1.pom
2017-08-18 13:35:09,985 [Worker-102] INFO  o.e.m.c.i.e.AbstractTransferListenerAdapter - Downloading https://repo.maven.apache.org/maven2/org/codehaus/jackson/jackson-mapper-asl/1.7.1/jackson-mapper-asl-1.7.1.pom
2017-08-18 13:35:10,331 [Worker-102] INFO  o.e.m.c.i.e.AbstractTransferListenerAdapter - Downloaded https://repo.maven.apache.org/maven2/org/codehaus/jackson/jackson-mapper-asl/1.7.1/jackson-mapper-asl-1.7.1.pom
2017-08-18 13:35:10,342 [Worker-102] INFO  o.e.m.c.i.e.AbstractTransferListenerAdapter - Downloaded https://repository.jboss.org/nexus/content/repositories/releases/org/codehaus/jackson/jackson-jaxrs/1.7.1/jackson-jaxrs-1.7.1.pom
2017-08-18 13:35:10,718 [Worker-102] INFO  o.e.m.c.i.e.AbstractTransferListenerAdapter - Downloading https://repo.maven.apache.org/maven2/org/codehaus/jackson/jackson-jaxrs/1.7.1/jackson-jaxrs-1.7.1.pom
2017-08-18 13:35:11,112 [Worker-102] INFO  o.e.m.c.i.e.AbstractTransferListenerAdapter - Downloaded https://repo.maven.apache.org/maven2/org/codehaus/jackson/jackson-jaxrs/1.7.1/jackson-jaxrs-1.7.1.pom
2017-08-18 13:35:11,145 [Worker-102] INFO  o.e.m.c.i.e.AbstractTransferListenerAdapter - Downloaded https://repository.jboss.org/nexus/content/repositories/releases/org/codehaus/jackson/jackson-xc/1.7.1/jackson-xc-1.7.1.pom
2017-08-18 13:35:11,525 [Worker-102] INFO  o.e.m.c.i.e.AbstractTransferListenerAdapter - Downloading https://repo.maven.apache.org/maven2/org/codehaus/jackson/jackson-xc/1.7.1/jackson-xc-1.7.1.pom
2017-08-18 13:35:11,952 [Worker-102] INFO  o.e.m.c.i.e.AbstractTransferListenerAdapter - Downloaded https://repo.maven.apache.org/maven2/org/codehaus/jackson/jackson-xc/1.7.1/jackson-xc-1.7.1.pom
2017-08-18 13:35:11,986 [Worker-102] INFO  o.e.m.c.i.e.AbstractTransferListenerAdapter - Downloaded https://repository.jboss.org/nexus/content/repositories/releases/com/sun/jersey/jersey-server/1.8/jersey-server-1.8.pom
2017-08-18 13:35:12,384 [Worker-102] INFO  o.e.m.c.i.e.AbstractTransferListenerAdapter - Downloading https://repo.maven.apache.org/maven2/com/sun/jersey/jersey-server/1.8/jersey-server-1.8.pom
2017-08-18 13:35:12,840 [Worker-102] INFO  o.e.m.c.i.e.AbstractTransferListenerAdapter - Downloaded https://repo.maven.apache.org/maven2/com/sun/jersey/jersey-server/1.8/jersey-server-1.8.pom
2017-08-18 13:35:12,849 [Worker-102] INFO  o.e.m.c.i.e.AbstractTransferListenerAdapter - Downloaded https://repository.jboss.org/nexus/content/repositories/releases/asm/asm/3.1/asm-3.1.pom
2017-08-18 13:35:13,223 [Worker-102] INFO  o.e.m.c.i.e.AbstractTransferListenerAdapter - Downloading https://repo.maven.apache.org/maven2/asm/asm/3.1/asm-3.1.pom
2017-08-18 13:35:13,649 [Worker-102] INFO  o.e.m.c.i.e.AbstractTransferListenerAdapter - Downloaded https://repo.maven.apache.org/maven2/asm/asm/3.1/asm-3.1.pom
2017-08-18 13:35:13,660 [Worker-102] INFO  o.e.m.c.i.e.AbstractTransferListenerAdapter - Downloaded https://repository.jboss.org/nexus/content/repositories/releases/asm/asm-parent/3.1/asm-parent-3.1.pom
2017-08-18 13:35:14,088 [Worker-102] INFO  o.e.m.c.i.e.AbstractTransferListenerAdapter - Downloading https://repo.maven.apache.org/maven2/asm/asm-parent/3.1/asm-parent-3.1.pom
2017-08-18 13:35:14,517 [Worker-102] INFO  o.e.m.c.i.e.AbstractTransferListenerAdapter - Downloaded https://repo.maven.apache.org/maven2/asm/asm-parent/3.1/asm-parent-3.1.pom
2017-08-18 13:35:14,538 [Worker-102] INFO  o.e.m.c.i.e.AbstractTransferListenerAdapter - Downloaded https://repository.jboss.org/nexus/content/repositories/releases/commons-io/commons-io/2.1/commons-io-2.1.pom
2017-08-18 13:35:14,948 [Worker-102] INFO  o.e.m.c.i.e.AbstractTransferListenerAdapter - Downloading https://repo.maven.apache.org/maven2/commons-io/commons-io/2.1/commons-io-2.1.pom
2017-08-18 13:35:15,420 [Worker-102] INFO  o.e.m.c.i.e.AbstractTransferListenerAdapter - Downloaded https://repo.maven.apache.org/maven2/commons-io/commons-io/2.1/commons-io-2.1.pom
2017-08-18 13:35:15,431 [Worker-102] INFO  o.e.m.c.i.e.AbstractTransferListenerAdapter - Downloaded https://repository.jboss.org/nexus/content/repositories/releases/org/apache/commons/commons-parent/22/commons-parent-22.pom
2017-08-18 13:35:15,837 [Worker-102] INFO  o.e.m.c.i.e.AbstractTransferListenerAdapter - Downloading https://repo.maven.apache.org/maven2/org/apache/commons/commons-parent/22/commons-parent-22.pom
2017-08-18 13:35:16,677 [Worker-102] INFO  o.e.m.c.i.e.AbstractTransferListenerAdapter - Downloaded https://repo.maven.apache.org/maven2/org/apache/commons/commons-parent/22/commons-parent-22.pom
2017-08-18 13:35:16,728 [Worker-102] INFO  o.e.m.c.i.e.AbstractTransferListenerAdapter - Downloaded https://repository.jboss.org/nexus/content/repositories/releases/commons-httpclient/commons-httpclient/3.0.1/commons-httpclient-3.0.1.pom
2017-08-18 13:35:17,179 [Worker-102] INFO  o.e.m.c.i.e.AbstractTransferListenerAdapter - Downloading https://repo.maven.apache.org/maven2/commons-httpclient/commons-httpclient/3.0.1/commons-httpclient-3.0.1.pom
2017-08-18 13:35:17,602 [Worker-102] INFO  o.e.m.c.i.e.AbstractTransferListenerAdapter - Downloaded https://repo.maven.apache.org/maven2/commons-httpclient/commons-httpclient/3.0.1/commons-httpclient-3.0.1.pom
2017-08-18 13:35:17,644 [Worker-102] INFO  o.e.m.c.i.e.AbstractTransferListenerAdapter - Downloaded https://repository.jboss.org/nexus/content/repositories/releases/commons-logging/commons-logging/1.0.3/commons-logging-1.0.3.pom
2017-08-18 13:35:18,047 [Worker-102] INFO  o.e.m.c.i.e.AbstractTransferListenerAdapter - Downloading https://repo.maven.apache.org/maven2/commons-logging/commons-logging/1.0.3/commons-logging-1.0.3.pom
2017-08-18 13:35:18,481 [Worker-102] INFO  o.e.m.c.i.e.AbstractTransferListenerAdapter - Downloaded https://repo.maven.apache.org/maven2/commons-logging/commons-logging/1.0.3/commons-logging-1.0.3.pom
2017-08-18 13:35:22,384 [Worker-102] INFO  o.e.m.c.i.e.AbstractTransferListenerAdapter - Downloaded https://repository.jboss.org/nexus/content/repositories/releases/commons-codec/commons-codec/1.2/commons-codec-1.2.pom
2017-08-18 13:35:22,801 [Worker-102] INFO  o.e.m.c.i.e.AbstractTransferListenerAdapter - Downloading https://repo.maven.apache.org/maven2/commons-codec/commons-codec/1.2/commons-codec-1.2.pom
2017-08-18 13:35:23,235 [Worker-102] INFO  o.e.m.c.i.e.AbstractTransferListenerAdapter - Downloaded https://repo.maven.apache.org/maven2/commons-codec/commons-codec/1.2/commons-codec-1.2.pom
2017-08-18 13:35:25,686 [Worker-102] INFO  o.e.m.c.i.e.AbstractTransferListenerAdapter - Downloaded https://repository.jboss.org/nexus/content/repositories/releases/commons-codec/commons-codec/1.4/commons-codec-1.4.pom
2017-08-18 13:35:26,082 [Worker-102] INFO  o.e.m.c.i.e.AbstractTransferListenerAdapter - Downloading https://repo.maven.apache.org/maven2/commons-codec/commons-codec/1.4/commons-codec-1.4.pom
2017-08-18 13:35:26,598 [Worker-102] INFO  o.e.m.c.i.e.AbstractTransferListenerAdapter - Downloaded https://repo.maven.apache.org/maven2/commons-codec/commons-codec/1.4/commons-codec-1.4.pom
2017-08-18 13:35:28,736 [Worker-102] INFO  o.e.m.c.i.e.AbstractTransferListenerAdapter - Downloaded https://repository.jboss.org/nexus/content/repositories/releases/org/apache/commons/commons-math/2.1/commons-math-2.1.pom
2017-08-18 13:35:29,269 [Worker-102] INFO  o.e.m.c.i.e.AbstractTransferListenerAdapter - Downloading https://repo.maven.apache.org/maven2/org/apache/commons/commons-math/2.1/commons-math-2.1.pom
2017-08-18 13:35:29,715 [Worker-102] INFO  o.e.m.c.i.e.AbstractTransferListenerAdapter - Downloaded https://repo.maven.apache.org/maven2/org/apache/commons/commons-math/2.1/commons-math-2.1.pom
2017-08-18 13:35:31,838 [Worker-102] INFO  o.e.m.c.i.e.AbstractTransferListenerAdapter - Downloaded https://repository.jboss.org/nexus/content/repositories/releases/org/apache/commons/commons-parent/14/commons-parent-14.pom
2017-08-18 13:35:32,227 [Worker-102] INFO  o.e.m.c.i.e.AbstractTransferListenerAdapter - Downloading https://repo.maven.apache.org/maven2/org/apache/commons/commons-parent/14/commons-parent-14.pom
2017-08-18 13:35:32,953 [Worker-102] INFO  o.e.m.c.i.e.AbstractTransferListenerAdapter - Downloaded https://repo.maven.apache.org/maven2/org/apache/commons/commons-parent/14/commons-parent-14.pom
2017-08-18 13:35:35,215 [Worker-102] INFO  o.e.m.c.i.e.AbstractTransferListenerAdapter - Downloaded https://repository.jboss.org/nexus/content/repositories/releases/org/apache/apache/7/apache-7.pom
2017-08-18 13:35:35,667 [Worker-102] INFO  o.e.m.c.i.e.AbstractTransferListenerAdapter - Downloading https://repo.maven.apache.org/maven2/org/apache/apache/7/apache-7.pom
2017-08-18 13:35:36,163 [Worker-102] INFO  o.e.m.c.i.e.AbstractTransferListenerAdapter - Downloaded https://repo.maven.apache.org/maven2/org/apache/apache/7/apache-7.pom
2017-08-18 13:35:38,427 [Worker-102] INFO  o.e.m.c.i.e.AbstractTransferListenerAdapter - Downloaded https://repository.jboss.org/nexus/content/repositories/releases/commons-configuration/commons-configuration/1.6/commons-configuration-1.6.pom
2017-08-18 13:35:38,772 [Worker-102] INFO  o.e.m.c.i.e.AbstractTransferListenerAdapter - Downloading https://repo.maven.apache.org/maven2/commons-configuration/commons-configuration/1.6/commons-configuration-1.6.pom
2017-08-18 13:35:39,245 [Worker-102] INFO  o.e.m.c.i.e.AbstractTransferListenerAdapter - Downloaded https://repo.maven.apache.org/maven2/commons-configuration/commons-configuration/1.6/commons-configuration-1.6.pom
2017-08-18 13:35:41,452 [Worker-102] INFO  o.e.m.c.i.e.AbstractTransferListenerAdapter - Downloaded https://repository.jboss.org/nexus/content/repositories/releases/commons-collections/commons-collections/3.2.1/commons-collections-3.2.1.pom
2017-08-18 13:35:41,828 [Worker-102] INFO  o.e.m.c.i.e.AbstractTransferListenerAdapter - Downloading https://repo.maven.apache.org/maven2/commons-collections/commons-collections/3.2.1/commons-collections-3.2.1.pom
2017-08-18 13:35:42,258 [Worker-102] INFO  o.e.m.c.i.e.AbstractTransferListenerAdapter - Downloaded https://repo.maven.apache.org/maven2/commons-collections/commons-collections/3.2.1/commons-collections-3.2.1.pom
2017-08-18 13:35:44,390 [Worker-102] INFO  o.e.m.c.i.e.AbstractTransferListenerAdapter - Downloaded https://repository.jboss.org/nexus/content/repositories/releases/org/apache/commons/commons-parent/9/commons-parent-9.pom
2017-08-18 13:35:44,783 [Worker-102] INFO  o.e.m.c.i.e.AbstractTransferListenerAdapter - Downloading https://repo.maven.apache.org/maven2/org/apache/commons/commons-parent/9/commons-parent-9.pom
2017-08-18 13:35:45,363 [Worker-102] INFO  o.e.m.c.i.e.AbstractTransferListenerAdapter - Downloaded https://repo.maven.apache.org/maven2/org/apache/commons/commons-parent/9/commons-parent-9.pom
2017-08-18 13:35:47,572 [Worker-102] INFO  o.e.m.c.i.e.AbstractTransferListenerAdapter - Downloaded https://repository.jboss.org/nexus/content/repositories/releases/commons-lang/commons-lang/2.4/commons-lang-2.4.pom
2017-08-18 13:35:47,936 [Worker-102] INFO  o.e.m.c.i.e.AbstractTransferListenerAdapter - Downloading https://repo.maven.apache.org/maven2/commons-lang/commons-lang/2.4/commons-lang-2.4.pom
2017-08-18 13:35:48,397 [Worker-102] INFO  o.e.m.c.i.e.AbstractTransferListenerAdapter - Downloaded https://repo.maven.apache.org/maven2/commons-lang/commons-lang/2.4/commons-lang-2.4.pom
2017-08-18 13:35:50,697 [Worker-102] INFO  o.e.m.c.i.e.AbstractTransferListenerAdapter - Downloaded https://repository.jboss.org/nexus/content/repositories/releases/commons-digester/commons-digester/1.8/commons-digester-1.8.pom
2017-08-18 13:35:51,173 [Worker-102] INFO  o.e.m.c.i.e.AbstractTransferListenerAdapter - Downloading https://repo.maven.apache.org/maven2/commons-digester/commons-digester/1.8/commons-digester-1.8.pom
2017-08-18 13:35:51,580 [Worker-102] INFO  o.e.m.c.i.e.AbstractTransferListenerAdapter - Downloaded https://repo.maven.apache.org/maven2/commons-digester/commons-digester/1.8/commons-digester-1.8.pom
2017-08-18 13:35:53,783 [Worker-102] INFO  o.e.m.c.i.e.AbstractTransferListenerAdapter - Downloaded https://repository.jboss.org/nexus/content/repositories/releases/commons-beanutils/commons-beanutils/1.7.0/commons-beanutils-1.7.0.pom
2017-08-18 13:35:54,215 [Worker-102] INFO  o.e.m.c.i.e.AbstractTransferListenerAdapter - Downloading https://repo.maven.apache.org/maven2/commons-beanutils/commons-beanutils/1.7.0/commons-beanutils-1.7.0.pom
2017-08-18 13:35:54,604 [Worker-102] INFO  o.e.m.c.i.e.AbstractTransferListenerAdapter - Downloaded https://repo.maven.apache.org/maven2/commons-beanutils/commons-beanutils/1.7.0/commons-beanutils-1.7.0.pom
2017-08-18 13:35:56,669 [Worker-102] INFO  o.e.m.c.i.e.AbstractTransferListenerAdapter - Downloaded https://repository.jboss.org/nexus/content/repositories/releases/commons-logging/commons-logging/1.1/commons-logging-1.1.pom
2017-08-18 13:35:57,141 [Worker-102] INFO  o.e.m.c.i.e.AbstractTransferListenerAdapter - Downloading https://repo.maven.apache.org/maven2/commons-logging/commons-logging/1.1/commons-logging-1.1.pom
2017-08-18 13:35:57,580 [Worker-102] INFO  o.e.m.c.i.e.AbstractTransferListenerAdapter - Downloaded https://repo.maven.apache.org/maven2/commons-logging/commons-logging/1.1/commons-logging-1.1.pom
2017-08-18 13:35:59,862 [Worker-102] INFO  o.e.m.c.i.e.AbstractTransferListenerAdapter - Downloaded https://repository.jboss.org/nexus/content/repositories/releases/logkit/logkit/1.0.1/logkit-1.0.1.pom
2017-08-18 13:36:00,201 [Worker-102] INFO  o.e.m.c.i.e.AbstractTransferListenerAdapter - Downloading https://repo.maven.apache.org/maven2/logkit/logkit/1.0.1/logkit-1.0.1.pom
2017-08-18 13:36:00,584 [Worker-102] INFO  o.e.m.c.i.e.AbstractTransferListenerAdapter - Downloaded https://repo.maven.apache.org/maven2/logkit/logkit/1.0.1/logkit-1.0.1.pom
2017-08-18 13:36:02,703 [Worker-102] INFO  o.e.m.c.i.e.AbstractTransferListenerAdapter - Downloaded https://repository.jboss.org/nexus/content/repositories/releases/avalon-framework/avalon-framework/4.1.3/avalon-framework-4.1.3.pom
2017-08-18 13:36:03,120 [Worker-102] INFO  o.e.m.c.i.e.AbstractTransferListenerAdapter - Downloading https://repo.maven.apache.org/maven2/avalon-framework/avalon-framework/4.1.3/avalon-framework-4.1.3.pom
2017-08-18 13:36:03,547 [Worker-102] INFO  o.e.m.c.i.e.AbstractTransferListenerAdapter - Downloaded https://repo.maven.apache.org/maven2/avalon-framework/avalon-framework/4.1.3/avalon-framework-4.1.3.pom
2017-08-18 13:36:05,790 [Worker-102] INFO  o.e.m.c.i.e.AbstractTransferListenerAdapter - Downloaded https://repository.jboss.org/nexus/content/repositories/releases/javax/servlet/servlet-api/2.3/servlet-api-2.3.pom
2017-08-18 13:36:06,116 [Worker-102] INFO  o.e.m.c.i.e.AbstractTransferListenerAdapter - Downloading https://repo.maven.apache.org/maven2/javax/servlet/servlet-api/2.3/servlet-api-2.3.pom
2017-08-18 13:36:06,514 [Worker-102] INFO  o.e.m.c.i.e.AbstractTransferListenerAdapter - Downloaded https://repo.maven.apache.org/maven2/javax/servlet/servlet-api/2.3/servlet-api-2.3.pom
2017-08-18 13:36:08,605 [Worker-102] INFO  o.e.m.c.i.e.AbstractTransferListenerAdapter - Downloaded https://repository.jboss.org/nexus/content/repositories/releases/commons-beanutils/commons-beanutils-core/1.8.0/commons-beanutils-core-1.8.0.pom
2017-08-18 13:36:09,001 [Worker-102] INFO  o.e.m.c.i.e.AbstractTransferListenerAdapter - Downloading https://repo.maven.apache.org/maven2/commons-beanutils/commons-beanutils-core/1.8.0/commons-beanutils-core-1.8.0.pom
2017-08-18 13:36:09,366 [Worker-102] INFO  o.e.m.c.i.e.AbstractTransferListenerAdapter - Downloaded https://repo.maven.apache.org/maven2/commons-beanutils/commons-beanutils-core/1.8.0/commons-beanutils-core-1.8.0.pom
2017-08-18 13:36:11,477 [Worker-102] INFO  o.e.m.c.i.e.AbstractTransferListenerAdapter - Downloaded https://repository.jboss.org/nexus/content/repositories/releases/commons-net/commons-net/1.4.1/commons-net-1.4.1.pom
2017-08-18 13:36:11,867 [Worker-102] INFO  o.e.m.c.i.e.AbstractTransferListenerAdapter - Downloading https://repo.maven.apache.org/maven2/commons-net/commons-net/1.4.1/commons-net-1.4.1.pom
2017-08-18 13:36:12,251 [Worker-102] INFO  o.e.m.c.i.e.AbstractTransferListenerAdapter - Downloaded https://repo.maven.apache.org/maven2/commons-net/commons-net/1.4.1/commons-net-1.4.1.pom
2017-08-18 13:36:14,415 [Worker-102] INFO  o.e.m.c.i.e.AbstractTransferListenerAdapter - Downloaded https://repository.jboss.org/nexus/content/repositories/releases/oro/oro/2.0.8/oro-2.0.8.pom
2017-08-18 13:36:14,766 [Worker-102] INFO  o.e.m.c.i.e.AbstractTransferListenerAdapter - Downloading https://repo.maven.apache.org/maven2/oro/oro/2.0.8/oro-2.0.8.pom
2017-08-18 13:36:15,123 [Worker-102] INFO  o.e.m.c.i.e.AbstractTransferListenerAdapter - Downloaded https://repo.maven.apache.org/maven2/oro/oro/2.0.8/oro-2.0.8.pom
2017-08-18 13:36:17,601 [Worker-102] INFO  o.e.m.c.i.e.AbstractTransferListenerAdapter - Downloaded https://repository.jboss.org/nexus/content/repositories/releases/org/mortbay/jetty/jetty/6.1.26/jetty-6.1.26.pom
2017-08-18 13:36:18,245 [Worker-102] INFO  o.e.m.c.i.e.AbstractTransferListenerAdapter - Downloading https://repo.maven.apache.org/maven2/org/mortbay/jetty/jetty/6.1.26/jetty-6.1.26.pom
2017-08-18 13:36:18,711 [Worker-102] INFO  o.e.m.c.i.e.AbstractTransferListenerAdapter - Downloaded https://repo.maven.apache.org/maven2/org/mortbay/jetty/jetty/6.1.26/jetty-6.1.26.pom
2017-08-18 13:36:20,503 [Worker-102] INFO  o.e.m.c.i.e.AbstractTransferListenerAdapter - Downloaded https://repository.jboss.org/nexus/content/repositories/releases/org/mortbay/jetty/project/6.1.26/project-6.1.26.pom
2017-08-18 13:36:20,887 [Worker-102] INFO  o.e.m.c.i.e.AbstractTransferListenerAdapter - Downloading https://repo.maven.apache.org/maven2/org/mortbay/jetty/project/6.1.26/project-6.1.26.pom
2017-08-18 13:36:21,323 [Worker-102] INFO  o.e.m.c.i.e.AbstractTransferListenerAdapter - Downloaded https://repo.maven.apache.org/maven2/org/mortbay/jetty/project/6.1.26/project-6.1.26.pom
2017-08-18 13:36:23,456 [Worker-102] INFO  o.e.m.c.i.e.AbstractTransferListenerAdapter - Downloaded https://repository.jboss.org/nexus/content/repositories/releases/org/mortbay/jetty/jetty-parent/10/jetty-parent-10.pom
2017-08-18 13:36:23,786 [Worker-102] INFO  o.e.m.c.i.e.AbstractTransferListenerAdapter - Downloading https://repo.maven.apache.org/maven2/org/mortbay/jetty/jetty-parent/10/jetty-parent-10.pom
2017-08-18 13:36:24,151 [Worker-102] INFO  o.e.m.c.i.e.AbstractTransferListenerAdapter - Downloaded https://repo.maven.apache.org/maven2/org/mortbay/jetty/jetty-parent/10/jetty-parent-10.pom
2017-08-18 13:36:26,111 [Worker-102] INFO  o.e.m.c.i.e.AbstractTransferListenerAdapter - Downloaded https://repository.jboss.org/nexus/content/repositories/releases/org/eclipse/jetty/jetty-parent/14/jetty-parent-14.pom
2017-08-18 13:36:26,407 [Worker-102] INFO  o.e.m.c.i.e.AbstractTransferListenerAdapter - Downloading https://repo.maven.apache.org/maven2/org/eclipse/jetty/jetty-parent/14/jetty-parent-14.pom
2017-08-18 13:36:26,939 [Worker-102] INFO  o.e.m.c.i.e.AbstractTransferListenerAdapter - Downloaded https://repo.maven.apache.org/maven2/org/eclipse/jetty/jetty-parent/14/jetty-parent-14.pom
2017-08-18 13:36:29,261 [Worker-102] INFO  o.e.m.c.i.e.AbstractTransferListenerAdapter - Downloaded https://repository.jboss.org/nexus/content/repositories/releases/org/mortbay/jetty/jetty-util/6.1.26/jetty-util-6.1.26.pom
2017-08-18 13:36:29,591 [Worker-102] INFO  o.e.m.c.i.e.AbstractTransferListenerAdapter - Downloading https://repo.maven.apache.org/maven2/org/mortbay/jetty/jetty-util/6.1.26/jetty-util-6.1.26.pom
2017-08-18 13:36:29,945 [Worker-102] INFO  o.e.m.c.i.e.AbstractTransferListenerAdapter - Downloaded https://repo.maven.apache.org/maven2/org/mortbay/jetty/jetty-util/6.1.26/jetty-util-6.1.26.pom
2017-08-18 13:36:31,889 [Worker-102] INFO  o.e.m.c.i.e.AbstractTransferListenerAdapter - Downloaded https://repository.jboss.org/nexus/content/repositories/releases/org/mortbay/jetty/servlet-api/2.5-20081211/servlet-api-2.5-20081211.pom
2017-08-18 13:36:32,294 [Worker-102] INFO  o.e.m.c.i.e.AbstractTransferListenerAdapter - Downloading https://repo.maven.apache.org/maven2/org/mortbay/jetty/servlet-api/2.5-20081211/servlet-api-2.5-20081211.pom
2017-08-18 13:36:32,720 [Worker-102] INFO  o.e.m.c.i.e.AbstractTransferListenerAdapter - Downloaded https://repo.maven.apache.org/maven2/org/mortbay/jetty/servlet-api/2.5-20081211/servlet-api-2.5-20081211.pom
2017-08-18 13:36:35,033 [Worker-102] INFO  o.e.m.c.i.e.AbstractTransferListenerAdapter - Downloaded https://repository.jboss.org/nexus/content/repositories/releases/org/mortbay/jetty/jetty-parent/7/jetty-parent-7.pom
2017-08-18 13:36:35,377 [Worker-102] INFO  o.e.m.c.i.e.AbstractTransferListenerAdapter - Downloading https://repo.maven.apache.org/maven2/org/mortbay/jetty/jetty-parent/7/jetty-parent-7.pom
2017-08-18 13:36:35,802 [Worker-102] INFO  o.e.m.c.i.e.AbstractTransferListenerAdapter - Downloaded https://repo.maven.apache.org/maven2/org/mortbay/jetty/jetty-parent/7/jetty-parent-7.pom
2017-08-18 13:36:37,863 [Worker-102] INFO  o.e.m.c.i.e.AbstractTransferListenerAdapter - Downloaded https://repository.jboss.org/nexus/content/repositories/releases/tomcat/jasper-runtime/5.5.12/jasper-runtime-5.5.12.pom
2017-08-18 13:36:38,329 [Worker-102] INFO  o.e.m.c.i.e.AbstractTransferListenerAdapter - Downloading https://repo.maven.apache.org/maven2/tomcat/jasper-runtime/5.5.12/jasper-runtime-5.5.12.pom
2017-08-18 13:36:38,711 [Worker-102] INFO  o.e.m.c.i.e.AbstractTransferListenerAdapter - Downloaded https://repo.maven.apache.org/maven2/tomcat/jasper-runtime/5.5.12/jasper-runtime-5.5.12.pom
2017-08-18 13:36:40,609 [Worker-102] INFO  o.e.m.c.i.e.AbstractTransferListenerAdapter - Downloaded https://repository.jboss.org/nexus/content/repositories/releases/tomcat/jasper-compiler/5.5.12/jasper-compiler-5.5.12.pom
2017-08-18 13:36:41,019 [Worker-102] INFO  o.e.m.c.i.e.AbstractTransferListenerAdapter - Downloading https://repo.maven.apache.org/maven2/tomcat/jasper-compiler/5.5.12/jasper-compiler-5.5.12.pom
2017-08-18 13:36:41,447 [Worker-102] INFO  o.e.m.c.i.e.AbstractTransferListenerAdapter - Downloaded https://repo.maven.apache.org/maven2/tomcat/jasper-compiler/5.5.12/jasper-compiler-5.5.12.pom
2017-08-18 13:36:43,599 [Worker-102] INFO  o.e.m.c.i.e.AbstractTransferListenerAdapter - Downloaded https://repository.jboss.org/nexus/content/repositories/releases/org/mortbay/jetty/jsp-api-2.1/6.1.14/jsp-api-2.1-6.1.14.pom
2017-08-18 13:36:43,970 [Worker-102] INFO  o.e.m.c.i.e.AbstractTransferListenerAdapter - Downloading https://repo.maven.apache.org/maven2/org/mortbay/jetty/jsp-api-2.1/6.1.14/jsp-api-2.1-6.1.14.pom
2017-08-18 13:36:44,314 [Worker-102] INFO  o.e.m.c.i.e.AbstractTransferListenerAdapter - Downloaded https://repo.maven.apache.org/maven2/org/mortbay/jetty/jsp-api-2.1/6.1.14/jsp-api-2.1-6.1.14.pom
2017-08-18 13:36:46,235 [Worker-102] INFO  o.e.m.c.i.e.AbstractTransferListenerAdapter - Downloaded https://repository.jboss.org/nexus/content/repositories/releases/org/mortbay/jetty/project/6.1.14/project-6.1.14.pom
2017-08-18 13:36:46,528 [Worker-102] INFO  o.e.m.c.i.e.AbstractTransferListenerAdapter - Downloading https://repo.maven.apache.org/maven2/org/mortbay/jetty/project/6.1.14/project-6.1.14.pom
2017-08-18 13:36:47,098 [Worker-102] INFO  o.e.m.c.i.e.AbstractTransferListenerAdapter - Downloaded https://repo.maven.apache.org/maven2/org/mortbay/jetty/project/6.1.14/project-6.1.14.pom
2017-08-18 13:36:49,083 [Worker-102] INFO  o.e.m.c.i.e.AbstractTransferListenerAdapter - Downloaded https://repository.jboss.org/nexus/content/repositories/releases/org/mortbay/jetty/servlet-api-2.5/6.1.14/servlet-api-2.5-6.1.14.pom
2017-08-18 13:36:49,421 [Worker-102] INFO  o.e.m.c.i.e.AbstractTransferListenerAdapter - Downloading https://repo.maven.apache.org/maven2/org/mortbay/jetty/servlet-api-2.5/6.1.14/servlet-api-2.5-6.1.14.pom
2017-08-18 13:36:49,770 [Worker-102] INFO  o.e.m.c.i.e.AbstractTransferListenerAdapter - Downloaded https://repo.maven.apache.org/maven2/org/mortbay/jetty/servlet-api-2.5/6.1.14/servlet-api-2.5-6.1.14.pom
2017-08-18 13:36:51,854 [Worker-102] INFO  o.e.m.c.i.e.AbstractTransferListenerAdapter - Downloaded https://repository.jboss.org/nexus/content/repositories/releases/org/mortbay/jetty/jsp-2.1/6.1.14/jsp-2.1-6.1.14.pom
2017-08-18 13:36:52,177 [Worker-102] INFO  o.e.m.c.i.e.AbstractTransferListenerAdapter - Downloading https://repo.maven.apache.org/maven2/org/mortbay/jetty/jsp-2.1/6.1.14/jsp-2.1-6.1.14.pom
2017-08-18 13:36:52,554 [Worker-102] INFO  o.e.m.c.i.e.AbstractTransferListenerAdapter - Downloaded https://repo.maven.apache.org/maven2/org/mortbay/jetty/jsp-2.1/6.1.14/jsp-2.1-6.1.14.pom
2017-08-18 13:36:54,656 [Worker-102] INFO  o.e.m.c.i.e.AbstractTransferListenerAdapter - Downloaded https://repository.jboss.org/nexus/content/repositories/releases/org/eclipse/jdt/core/3.1.1/core-3.1.1.pom
2017-08-18 13:36:55,045 [Worker-102] INFO  o.e.m.c.i.e.AbstractTransferListenerAdapter - Downloading https://repo.maven.apache.org/maven2/org/eclipse/jdt/core/3.1.1/core-3.1.1.pom
2017-08-18 13:36:55,420 [Worker-102] INFO  o.e.m.c.i.e.AbstractTransferListenerAdapter - Downloaded https://repo.maven.apache.org/maven2/org/eclipse/jdt/core/3.1.1/core-3.1.1.pom
2017-08-18 13:36:57,515 [Worker-102] INFO  o.e.m.c.i.e.AbstractTransferListenerAdapter - Downloaded https://repository.jboss.org/nexus/content/repositories/releases/ant/ant/1.6.5/ant-1.6.5.pom
2017-08-18 13:36:57,978 [Worker-102] INFO  o.e.m.c.i.e.AbstractTransferListenerAdapter - Downloading https://repo.maven.apache.org/maven2/ant/ant/1.6.5/ant-1.6.5.pom
2017-08-18 13:36:58,371 [Worker-102] INFO  o.e.m.c.i.e.AbstractTransferListenerAdapter - Downloaded https://repo.maven.apache.org/maven2/ant/ant/1.6.5/ant-1.6.5.pom
2017-08-18 13:37:00,634 [Worker-102] INFO  o.e.m.c.i.e.AbstractTransferListenerAdapter - Downloaded https://repository.jboss.org/nexus/content/repositories/releases/commons-el/commons-el/1.0/commons-el-1.0.pom
2017-08-18 13:37:00,981 [Worker-102] INFO  o.e.m.c.i.e.AbstractTransferListenerAdapter - Downloading https://repo.maven.apache.org/maven2/commons-el/commons-el/1.0/commons-el-1.0.pom
2017-08-18 13:37:01,375 [Worker-102] INFO  o.e.m.c.i.e.AbstractTransferListenerAdapter - Downloaded https://repo.maven.apache.org/maven2/commons-el/commons-el/1.0/commons-el-1.0.pom
2017-08-18 13:37:03,613 [Worker-102] INFO  o.e.m.c.i.e.AbstractTransferListenerAdapter - Downloaded https://repository.jboss.org/nexus/content/repositories/releases/net/java/dev/jets3t/jets3t/0.6.1/jets3t-0.6.1.pom
2017-08-18 13:37:04,037 [Worker-102] INFO  o.e.m.c.i.e.AbstractTransferListenerAdapter - Downloading https://repo.maven.apache.org/maven2/net/java/dev/jets3t/jets3t/0.6.1/jets3t-0.6.1.pom
2017-08-18 13:37:04,445 [Worker-102] INFO  o.e.m.c.i.e.AbstractTransferListenerAdapter - Downloaded https://repo.maven.apache.org/maven2/net/java/dev/jets3t/jets3t/0.6.1/jets3t-0.6.1.pom
2017-08-18 13:37:06,645 [Worker-102] INFO  o.e.m.c.i.e.AbstractTransferListenerAdapter - Downloaded https://repository.jboss.org/nexus/content/repositories/releases/commons-codec/commons-codec/1.3/commons-codec-1.3.pom
2017-08-18 13:37:06,977 [Worker-102] INFO  o.e.m.c.i.e.AbstractTransferListenerAdapter - Downloading https://repo.maven.apache.org/maven2/commons-codec/commons-codec/1.3/commons-codec-1.3.pom
2017-08-18 13:37:07,395 [Worker-102] INFO  o.e.m.c.i.e.AbstractTransferListenerAdapter - Downloaded https://repo.maven.apache.org/maven2/commons-codec/commons-codec/1.3/commons-codec-1.3.pom
2017-08-18 13:37:09,583 [Worker-102] INFO  o.e.m.c.i.e.AbstractTransferListenerAdapter - Downloaded https://repository.jboss.org/nexus/content/repositories/releases/commons-httpclient/commons-httpclient/3.1/commons-httpclient-3.1.pom
2017-08-18 13:37:09,920 [Worker-102] INFO  o.e.m.c.i.e.AbstractTransferListenerAdapter - Downloading https://repo.maven.apache.org/maven2/commons-httpclient/commons-httpclient/3.1/commons-httpclient-3.1.pom
2017-08-18 13:37:10,357 [Worker-102] INFO  o.e.m.c.i.e.AbstractTransferListenerAdapter - Downloaded https://repo.maven.apache.org/maven2/commons-httpclient/commons-httpclient/3.1/commons-httpclient-3.1.pom
2017-08-18 13:37:12,529 [Worker-102] INFO  o.e.m.c.i.e.AbstractTransferListenerAdapter - Downloaded https://repository.jboss.org/nexus/content/repositories/releases/commons-logging/commons-logging/1.0.4/commons-logging-1.0.4.pom
2017-08-18 13:37:12,879 [Worker-102] INFO  o.e.m.c.i.e.AbstractTransferListenerAdapter - Downloading https://repo.maven.apache.org/maven2/commons-logging/commons-logging/1.0.4/commons-logging-1.0.4.pom
2017-08-18 13:37:13,235 [Worker-102] INFO  o.e.m.c.i.e.AbstractTransferListenerAdapter - Downloaded https://repo.maven.apache.org/maven2/commons-logging/commons-logging/1.0.4/commons-logging-1.0.4.pom
2017-08-18 13:37:15,854 [Worker-102] INFO  o.e.m.c.i.e.AbstractTransferListenerAdapter - Downloaded https://repository.jboss.org/nexus/content/repositories/releases/hsqldb/hsqldb/1.8.0.10/hsqldb-1.8.0.10.pom
2017-08-18 13:37:16,350 [Worker-102] INFO  o.e.m.c.i.e.AbstractTransferListenerAdapter - Downloading https://repo.maven.apache.org/maven2/hsqldb/hsqldb/1.8.0.10/hsqldb-1.8.0.10.pom
2017-08-18 13:37:16,787 [Worker-102] INFO  o.e.m.c.i.e.AbstractTransferListenerAdapter - Downloaded https://repo.maven.apache.org/maven2/hsqldb/hsqldb/1.8.0.10/hsqldb-1.8.0.10.pom
2017-08-18 13:37:19,131 [Worker-102] INFO  o.e.m.c.i.e.AbstractTransferListenerAdapter - Downloaded https://repository.jboss.org/nexus/content/repositories/releases/org/codehaus/jackson/jackson-mapper-asl/1.8.8/jackson-mapper-asl-1.8.8.pom
2017-08-18 13:37:19,558 [Worker-102] INFO  o.e.m.c.i.e.AbstractTransferListenerAdapter - Downloading https://repo.maven.apache.org/maven2/org/codehaus/jackson/jackson-mapper-asl/1.8.8/jackson-mapper-asl-1.8.8.pom
2017-08-18 13:37:19,907 [Worker-102] INFO  o.e.m.c.i.e.AbstractTransferListenerAdapter - Downloaded https://repo.maven.apache.org/maven2/org/codehaus/jackson/jackson-mapper-asl/1.8.8/jackson-mapper-asl-1.8.8.pom
2017-08-18 13:37:21,941 [Worker-102] INFO  o.e.m.c.i.e.AbstractTransferListenerAdapter - Downloaded https://repository.jboss.org/nexus/content/repositories/releases/org/codehaus/jackson/jackson-core-asl/1.8.8/jackson-core-asl-1.8.8.pom
2017-08-18 13:37:22,356 [Worker-102] INFO  o.e.m.c.i.e.AbstractTransferListenerAdapter - Downloading https://repo.maven.apache.org/maven2/org/codehaus/jackson/jackson-core-asl/1.8.8/jackson-core-asl-1.8.8.pom
2017-08-18 13:37:22,784 [Worker-102] INFO  o.e.m.c.i.e.AbstractTransferListenerAdapter - Downloaded https://repo.maven.apache.org/maven2/org/codehaus/jackson/jackson-core-asl/1.8.8/jackson-core-asl-1.8.8.pom
2017-08-18 13:37:25,224 [Worker-102] INFO  o.e.m.c.i.e.AbstractTransferListenerAdapter - Downloaded https://repository.jboss.org/nexus/content/repositories/releases/org/apache/hadoop/hadoop-client/1.2.1/hadoop-client-1.2.1.pom
2017-08-18 13:37:25,658 [Worker-102] INFO  o.e.m.c.i.e.AbstractTransferListenerAdapter - Downloading https://repo.maven.apache.org/maven2/org/apache/hadoop/hadoop-client/1.2.1/hadoop-client-1.2.1.pom
2017-08-18 13:37:26,097 [Worker-102] INFO  o.e.m.c.i.e.AbstractTransferListenerAdapter - Downloaded https://repo.maven.apache.org/maven2/org/apache/hadoop/hadoop-client/1.2.1/hadoop-client-1.2.1.pom
2017-08-18 13:37:28,413 [Worker-102] INFO  o.e.m.c.i.e.AbstractTransferListenerAdapter - Downloaded https://repository.jboss.org/nexus/content/repositories/releases/org/apache/mrunit/mrunit/0.8.0-incubating/mrunit-0.8.0-incubating.pom
2017-08-18 13:37:28,826 [Worker-102] INFO  o.e.m.c.i.e.AbstractTransferListenerAdapter - Downloading https://repo.maven.apache.org/maven2/org/apache/mrunit/mrunit/0.8.0-incubating/mrunit-0.8.0-incubating.pom
2017-08-18 13:37:29,352 [Worker-102] INFO  o.e.m.c.i.e.AbstractTransferListenerAdapter - Downloaded https://repo.maven.apache.org/maven2/org/apache/mrunit/mrunit/0.8.0-incubating/mrunit-0.8.0-incubating.pom
2017-08-18 13:37:31,760 [Worker-102] INFO  o.e.m.c.i.e.AbstractTransferListenerAdapter - Downloaded https://repository.jboss.org/nexus/content/repositories/releases/junit/junit/4.8.1/junit-4.8.1.pom
2017-08-18 13:37:32,239 [Worker-102] INFO  o.e.m.c.i.e.AbstractTransferListenerAdapter - Downloading https://repo.maven.apache.org/maven2/junit/junit/4.8.1/junit-4.8.1.pom
2017-08-18 13:37:32,712 [Worker-102] INFO  o.e.m.c.i.e.AbstractTransferListenerAdapter - Downloaded https://repo.maven.apache.org/maven2/junit/junit/4.8.1/junit-4.8.1.pom
2017-08-18 13:37:34,973 [Worker-102] INFO  o.e.m.c.i.e.AbstractTransferListenerAdapter - Downloaded https://repository.jboss.org/nexus/content/repositories/releases/org/mockito/mockito-all/1.8.5/mockito-all-1.8.5.pom
2017-08-18 13:37:35,388 [Worker-102] INFO  o.e.m.c.i.e.AbstractTransferListenerAdapter - Downloading https://repo.maven.apache.org/maven2/org/mockito/mockito-all/1.8.5/mockito-all-1.8.5.pom
2017-08-18 13:37:35,817 [Worker-102] INFO  o.e.m.c.i.e.AbstractTransferListenerAdapter - Downloaded https://repo.maven.apache.org/maven2/org/mockito/mockito-all/1.8.5/mockito-all-1.8.5.pom
2017-08-18 13:37:38,166 [Worker-102] INFO  o.e.m.c.i.e.AbstractTransferListenerAdapter - Downloaded https://repository.jboss.org/nexus/content/repositories/releases/org/apache/hadoop/hadoop-core/0.20.2/hadoop-core-0.20.2.pom
2017-08-18 13:37:38,555 [Worker-102] INFO  o.e.m.c.i.e.AbstractTransferListenerAdapter - Downloading https://repo.maven.apache.org/maven2/org/apache/hadoop/hadoop-core/0.20.2/hadoop-core-0.20.2.pom
2017-08-18 13:37:39,019 [Worker-102] INFO  o.e.m.c.i.e.AbstractTransferListenerAdapter - Downloaded https://repo.maven.apache.org/maven2/org/apache/hadoop/hadoop-core/0.20.2/hadoop-core-0.20.2.pom
2017-08-18 13:37:41,562 [Worker-102] INFO  o.e.m.c.i.e.AbstractTransferListenerAdapter - Downloaded https://repository.jboss.org/nexus/content/repositories/releases/org/mortbay/jetty/jetty/6.1.14/jetty-6.1.14.pom
2017-08-18 13:37:42,096 [Worker-102] INFO  o.e.m.c.i.e.AbstractTransferListenerAdapter - Downloading https://repo.maven.apache.org/maven2/org/mortbay/jetty/jetty/6.1.14/jetty-6.1.14.pom
2017-08-18 13:37:42,609 [Worker-102] INFO  o.e.m.c.i.e.AbstractTransferListenerAdapter - Downloaded https://repo.maven.apache.org/maven2/org/mortbay/jetty/jetty/6.1.14/jetty-6.1.14.pom
2017-08-18 13:37:44,894 [Worker-102] INFO  o.e.m.c.i.e.AbstractTransferListenerAdapter - Downloaded https://repository.jboss.org/nexus/content/repositories/releases/org/mortbay/jetty/jetty-util/6.1.14/jetty-util-6.1.14.pom
2017-08-18 13:37:45,211 [Worker-102] INFO  o.e.m.c.i.e.AbstractTransferListenerAdapter - Downloading https://repo.maven.apache.org/maven2/org/mortbay/jetty/jetty-util/6.1.14/jetty-util-6.1.14.pom
2017-08-18 13:37:45,571 [Worker-102] INFO  o.e.m.c.i.e.AbstractTransferListenerAdapter - Downloaded https://repo.maven.apache.org/maven2/org/mortbay/jetty/jetty-util/6.1.14/jetty-util-6.1.14.pom
2017-08-18 13:37:47,616 [Worker-102] INFO  o.e.m.c.i.e.AbstractTransferListenerAdapter - Downloaded https://repository.jboss.org/nexus/content/repositories/releases/net/java/dev/jets3t/jets3t/0.7.1/jets3t-0.7.1.pom
2017-08-18 13:37:47,992 [Worker-102] INFO  o.e.m.c.i.e.AbstractTransferListenerAdapter - Downloading https://repo.maven.apache.org/maven2/net/java/dev/jets3t/jets3t/0.7.1/jets3t-0.7.1.pom
2017-08-18 13:37:48,376 [Worker-102] INFO  o.e.m.c.i.e.AbstractTransferListenerAdapter - Downloaded https://repo.maven.apache.org/maven2/net/java/dev/jets3t/jets3t/0.7.1/jets3t-0.7.1.pom
2017-08-18 13:37:50,232 [Worker-102] INFO  o.e.m.c.i.e.AbstractTransferListenerAdapter - Downloaded https://repository.jboss.org/nexus/content/repositories/releases/net/sf/kosmosfs/kfs/0.3/kfs-0.3.pom
2017-08-18 13:37:50,617 [Worker-102] INFO  o.e.m.c.i.e.AbstractTransferListenerAdapter - Downloading https://repo.maven.apache.org/maven2/net/sf/kosmosfs/kfs/0.3/kfs-0.3.pom
2017-08-18 13:37:50,954 [Worker-102] INFO  o.e.m.c.i.e.AbstractTransferListenerAdapter - Downloaded https://repo.maven.apache.org/maven2/net/sf/kosmosfs/kfs/0.3/kfs-0.3.pom
2017-08-18 13:37:53,004 [Worker-102] INFO  o.e.m.c.i.e.AbstractTransferListenerAdapter - Downloaded https://repository.jboss.org/nexus/content/repositories/releases/junit/junit/4.5/junit-4.5.pom
2017-08-18 13:37:53,390 [Worker-102] INFO  o.e.m.c.i.e.AbstractTransferListenerAdapter - Downloading https://repo.maven.apache.org/maven2/junit/junit/4.5/junit-4.5.pom
2017-08-18 13:37:53,737 [Worker-102] INFO  o.e.m.c.i.e.AbstractTransferListenerAdapter - Downloaded https://repo.maven.apache.org/maven2/junit/junit/4.5/junit-4.5.pom
2017-08-18 13:37:55,778 [Worker-102] INFO  o.e.m.c.i.e.AbstractTransferListenerAdapter - Downloaded https://repository.jboss.org/nexus/content/repositories/releases/junit/junit/4.11/junit-4.11.pom
2017-08-18 13:37:56,163 [Worker-102] INFO  o.e.m.c.i.e.AbstractTransferListenerAdapter - Downloading https://repo.maven.apache.org/maven2/junit/junit/4.11/junit-4.11.pom
2017-08-18 13:37:56,521 [Worker-102] INFO  o.e.m.c.i.e.AbstractTransferListenerAdapter - Downloaded https://repo.maven.apache.org/maven2/junit/junit/4.11/junit-4.11.pom
2017-08-18 13:37:58,711 [Worker-102] INFO  o.e.m.c.i.e.AbstractTransferListenerAdapter - Downloaded https://repository.jboss.org/nexus/content/repositories/releases/org/apache/hadoop/hadoop-core/1.2.1/hadoop-core-1.2.1.jar
2017-08-18 13:38:00,881 [Worker-102] INFO  o.e.m.c.i.e.AbstractTransferListenerAdapter - Downloaded https://repository.jboss.org/nexus/content/repositories/releases/xmlenc/xmlenc/0.52/xmlenc-0.52.jar
2017-08-18 13:38:03,035 [Worker-102] INFO  o.e.m.c.i.e.AbstractTransferListenerAdapter - Downloaded https://repository.jboss.org/nexus/content/repositories/releases/com/sun/jersey/jersey-core/1.8/jersey-core-1.8.jar
2017-08-18 13:38:05,055 [Worker-102] INFO  o.e.m.c.i.e.AbstractTransferListenerAdapter - Downloaded https://repository.jboss.org/nexus/content/repositories/releases/com/sun/jersey/jersey-json/1.8/jersey-json-1.8.jar
2017-08-18 13:38:07,115 [Worker-102] INFO  o.e.m.c.i.e.AbstractTransferListenerAdapter - Downloaded https://repository.jboss.org/nexus/content/repositories/releases/org/codehaus/jettison/jettison/1.1/jettison-1.1.jar
2017-08-18 13:38:09,180 [Worker-102] INFO  o.e.m.c.i.e.AbstractTransferListenerAdapter - Downloaded https://repository.jboss.org/nexus/content/repositories/releases/stax/stax-api/1.0.1/stax-api-1.0.1.jar
2017-08-18 13:38:11,321 [Worker-102] INFO  o.e.m.c.i.e.AbstractTransferListenerAdapter - Downloaded https://repository.jboss.org/nexus/content/repositories/releases/com/sun/xml/bind/jaxb-impl/2.2.3-1/jaxb-impl-2.2.3-1.jar
2017-08-18 13:38:13,715 [Worker-102] INFO  o.e.m.c.i.e.AbstractTransferListenerAdapter - Downloaded https://repository.jboss.org/nexus/content/repositories/releases/javax/xml/bind/jaxb-api/2.2.2/jaxb-api-2.2.2.jar
2017-08-18 13:38:15,865 [Worker-102] INFO  o.e.m.c.i.e.AbstractTransferListenerAdapter - Downloaded https://repository.jboss.org/nexus/content/repositories/releases/javax/xml/stream/stax-api/1.0-2/stax-api-1.0-2.jar
2017-08-18 13:38:18,024 [Worker-102] INFO  o.e.m.c.i.e.AbstractTransferListenerAdapter - Downloaded https://repository.jboss.org/nexus/content/repositories/releases/javax/activation/activation/1.1/activation-1.1.jar
2017-08-18 13:38:20,255 [Worker-102] INFO  o.e.m.c.i.e.AbstractTransferListenerAdapter - Downloaded https://repository.jboss.org/nexus/content/repositories/releases/org/codehaus/jackson/jackson-core-asl/1.7.1/jackson-core-asl-1.7.1.jar
2017-08-18 13:38:22,614 [Worker-102] INFO  o.e.m.c.i.e.AbstractTransferListenerAdapter - Downloaded https://repository.jboss.org/nexus/content/repositories/releases/org/codehaus/jackson/jackson-jaxrs/1.7.1/jackson-jaxrs-1.7.1.jar
2017-08-18 13:38:24,814 [Worker-102] INFO  o.e.m.c.i.e.AbstractTransferListenerAdapter - Downloaded https://repository.jboss.org/nexus/content/repositories/releases/org/codehaus/jackson/jackson-xc/1.7.1/jackson-xc-1.7.1.jar
2017-08-18 13:38:26,825 [Worker-102] INFO  o.e.m.c.i.e.AbstractTransferListenerAdapter - Downloaded https://repository.jboss.org/nexus/content/repositories/releases/com/sun/jersey/jersey-server/1.8/jersey-server-1.8.jar
2017-08-18 13:38:28,947 [Worker-102] INFO  o.e.m.c.i.e.AbstractTransferListenerAdapter - Downloaded https://repository.jboss.org/nexus/content/repositories/releases/asm/asm/3.1/asm-3.1.jar
2017-08-18 13:38:31,061 [Worker-102] INFO  o.e.m.c.i.e.AbstractTransferListenerAdapter - Downloaded https://repository.jboss.org/nexus/content/repositories/releases/commons-io/commons-io/2.1/commons-io-2.1.jar
2017-08-18 13:38:33,055 [Worker-102] INFO  o.e.m.c.i.e.AbstractTransferListenerAdapter - Downloaded https://repository.jboss.org/nexus/content/repositories/releases/commons-httpclient/commons-httpclient/3.0.1/commons-httpclient-3.0.1.jar
2017-08-18 13:38:35,103 [Worker-102] INFO  o.e.m.c.i.e.AbstractTransferListenerAdapter - Downloaded https://repository.jboss.org/nexus/content/repositories/releases/commons-codec/commons-codec/1.4/commons-codec-1.4.jar
2017-08-18 13:38:37,420 [Worker-102] INFO  o.e.m.c.i.e.AbstractTransferListenerAdapter - Downloaded https://repository.jboss.org/nexus/content/repositories/releases/org/apache/commons/commons-math/2.1/commons-math-2.1.jar
2017-08-18 13:38:39,598 [Worker-102] INFO  o.e.m.c.i.e.AbstractTransferListenerAdapter - Downloaded https://repository.jboss.org/nexus/content/repositories/releases/commons-configuration/commons-configuration/1.6/commons-configuration-1.6.jar
2017-08-18 13:38:41,662 [Worker-102] INFO  o.e.m.c.i.e.AbstractTransferListenerAdapter - Downloaded https://repository.jboss.org/nexus/content/repositories/releases/commons-collections/commons-collections/3.2.1/commons-collections-3.2.1.jar
2017-08-18 13:38:43,647 [Worker-102] INFO  o.e.m.c.i.e.AbstractTransferListenerAdapter - Downloaded https://repository.jboss.org/nexus/content/repositories/releases/commons-lang/commons-lang/2.4/commons-lang-2.4.jar
2017-08-18 13:38:45,773 [Worker-102] INFO  o.e.m.c.i.e.AbstractTransferListenerAdapter - Downloaded https://repository.jboss.org/nexus/content/repositories/releases/commons-digester/commons-digester/1.8/commons-digester-1.8.jar
2017-08-18 13:38:48,062 [Worker-102] INFO  o.e.m.c.i.e.AbstractTransferListenerAdapter - Downloaded https://repository.jboss.org/nexus/content/repositories/releases/commons-beanutils/commons-beanutils/1.7.0/commons-beanutils-1.7.0.jar
2017-08-18 13:38:50,372 [Worker-102] INFO  o.e.m.c.i.e.AbstractTransferListenerAdapter - Downloaded https://repository.jboss.org/nexus/content/repositories/releases/commons-beanutils/commons-beanutils-core/1.8.0/commons-beanutils-core-1.8.0.jar
2017-08-18 13:38:52,724 [Worker-102] INFO  o.e.m.c.i.e.AbstractTransferListenerAdapter - Downloaded https://repository.jboss.org/nexus/content/repositories/releases/commons-net/commons-net/1.4.1/commons-net-1.4.1.jar
2017-08-18 13:38:54,741 [Worker-102] INFO  o.e.m.c.i.e.AbstractTransferListenerAdapter - Downloaded https://repository.jboss.org/nexus/content/repositories/releases/org/mortbay/jetty/jetty/6.1.26/jetty-6.1.26.jar
2017-08-18 13:38:56,845 [Worker-102] INFO  o.e.m.c.i.e.AbstractTransferListenerAdapter - Downloaded https://repository.jboss.org/nexus/content/repositories/releases/org/mortbay/jetty/servlet-api/2.5-20081211/servlet-api-2.5-20081211.jar
2017-08-18 13:38:58,981 [Worker-102] INFO  o.e.m.c.i.e.AbstractTransferListenerAdapter - Downloaded https://repository.jboss.org/nexus/content/repositories/releases/org/mortbay/jetty/jetty-util/6.1.26/jetty-util-6.1.26.jar
2017-08-18 13:39:01,269 [Worker-102] INFO  o.e.m.c.i.e.AbstractTransferListenerAdapter - Downloaded https://repository.jboss.org/nexus/content/repositories/releases/tomcat/jasper-runtime/5.5.12/jasper-runtime-5.5.12.jar
2017-08-18 13:39:03,492 [Worker-102] INFO  o.e.m.c.i.e.AbstractTransferListenerAdapter - Downloaded https://repository.jboss.org/nexus/content/repositories/releases/tomcat/jasper-compiler/5.5.12/jasper-compiler-5.5.12.jar
2017-08-18 13:39:05,683 [Worker-102] INFO  o.e.m.c.i.e.AbstractTransferListenerAdapter - Downloaded https://repository.jboss.org/nexus/content/repositories/releases/org/mortbay/jetty/jsp-api-2.1/6.1.14/jsp-api-2.1-6.1.14.jar
2017-08-18 13:39:07,836 [Worker-102] INFO  o.e.m.c.i.e.AbstractTransferListenerAdapter - Downloaded https://repository.jboss.org/nexus/content/repositories/releases/org/mortbay/jetty/servlet-api-2.5/6.1.14/servlet-api-2.5-6.1.14.jar
2017-08-18 13:39:09,986 [Worker-102] INFO  o.e.m.c.i.e.AbstractTransferListenerAdapter - Downloaded https://repository.jboss.org/nexus/content/repositories/releases/org/mortbay/jetty/jsp-2.1/6.1.14/jsp-2.1-6.1.14.jar
2017-08-18 13:39:12,066 [Worker-102] INFO  o.e.m.c.i.e.AbstractTransferListenerAdapter - Downloaded https://repository.jboss.org/nexus/content/repositories/releases/ant/ant/1.6.5/ant-1.6.5.jar
2017-08-18 13:39:14,140 [Worker-102] INFO  o.e.m.c.i.e.AbstractTransferListenerAdapter - Downloaded https://repository.jboss.org/nexus/content/repositories/releases/commons-el/commons-el/1.0/commons-el-1.0.jar
2017-08-18 13:39:16,178 [Worker-102] INFO  o.e.m.c.i.e.AbstractTransferListenerAdapter - Downloaded https://repository.jboss.org/nexus/content/repositories/releases/net/java/dev/jets3t/jets3t/0.6.1/jets3t-0.6.1.jar
2017-08-18 13:39:18,133 [Worker-102] INFO  o.e.m.c.i.e.AbstractTransferListenerAdapter - Downloaded https://repository.jboss.org/nexus/content/repositories/releases/hsqldb/hsqldb/1.8.0.10/hsqldb-1.8.0.10.jar
2017-08-18 13:39:20,174 [Worker-102] INFO  o.e.m.c.i.e.AbstractTransferListenerAdapter - Downloaded https://repository.jboss.org/nexus/content/repositories/releases/oro/oro/2.0.8/oro-2.0.8.jar
2017-08-18 13:39:22,223 [Worker-102] INFO  o.e.m.c.i.e.AbstractTransferListenerAdapter - Downloaded https://repository.jboss.org/nexus/content/repositories/releases/org/eclipse/jdt/core/3.1.1/core-3.1.1.jar
2017-08-18 13:39:24,273 [Worker-102] INFO  o.e.m.c.i.e.AbstractTransferListenerAdapter - Downloaded https://repository.jboss.org/nexus/content/repositories/releases/org/codehaus/jackson/jackson-mapper-asl/1.8.8/jackson-mapper-asl-1.8.8.jar
2017-08-18 13:39:26,434 [Worker-102] INFO  o.e.m.c.i.e.AbstractTransferListenerAdapter - Downloaded https://repository.jboss.org/nexus/content/repositories/releases/org/apache/hadoop/hadoop-client/1.2.1/hadoop-client-1.2.1.jar
2017-08-18 13:39:28,397 [Worker-102] INFO  o.e.m.c.i.e.AbstractTransferListenerAdapter - Downloaded https://repository.jboss.org/nexus/content/repositories/releases/org/apache/mrunit/mrunit/0.8.0-incubating/mrunit-0.8.0-incubating.jar
2017-08-18 13:39:30,392 [Worker-102] INFO  o.e.m.c.i.e.AbstractTransferListenerAdapter - Downloaded https://repository.jboss.org/nexus/content/repositories/releases/commons-logging/commons-logging/1.1.1/commons-logging-1.1.1.jar
2017-08-18 13:39:32,615 [Worker-102] INFO  o.e.m.c.i.e.AbstractTransferListenerAdapter - Downloaded https://repository.jboss.org/nexus/content/repositories/releases/org/mockito/mockito-all/1.8.5/mockito-all-1.8.5.jar
2017-08-18 13:39:35,235 [Worker-102] INFO  o.e.m.c.i.e.AbstractTransferListenerAdapter - Downloaded https://repository.jboss.org/nexus/content/repositories/releases/junit/junit/4.11/junit-4.11.jar
2017-08-18 13:39:35,899 [Worker-102] INFO  o.e.m.c.i.e.AbstractTransferListenerAdapter - Downloading https://repo.maven.apache.org/maven2/org/apache/hadoop/hadoop-core/1.2.1/hadoop-core-1.2.1.jar
2017-08-18 13:39:47,470 [Worker-102] INFO  o.e.m.c.i.e.AbstractTransferListenerAdapter - Downloaded https://repo.maven.apache.org/maven2/org/apache/hadoop/hadoop-core/1.2.1/hadoop-core-1.2.1.jar
2017-08-18 13:39:47,942 [Worker-102] INFO  o.e.m.c.i.e.AbstractTransferListenerAdapter - Downloading https://repo.maven.apache.org/maven2/xmlenc/xmlenc/0.52/xmlenc-0.52.jar
2017-08-18 13:39:48,412 [Worker-102] INFO  o.e.m.c.i.e.AbstractTransferListenerAdapter - Downloaded https://repo.maven.apache.org/maven2/xmlenc/xmlenc/0.52/xmlenc-0.52.jar
2017-08-18 13:39:48,897 [Worker-102] INFO  o.e.m.c.i.e.AbstractTransferListenerAdapter - Downloading https://repo.maven.apache.org/maven2/com/sun/jersey/jersey-core/1.8/jersey-core-1.8.jar
2017-08-18 13:39:50,207 [Worker-102] INFO  o.e.m.c.i.e.AbstractTransferListenerAdapter - Downloaded https://repo.maven.apache.org/maven2/com/sun/jersey/jersey-core/1.8/jersey-core-1.8.jar
2017-08-18 13:39:50,633 [Worker-102] INFO  o.e.m.c.i.e.AbstractTransferListenerAdapter - Downloading https://repo.maven.apache.org/maven2/com/sun/jersey/jersey-json/1.8/jersey-json-1.8.jar
2017-08-18 13:39:51,207 [Worker-102] INFO  o.e.m.c.i.e.AbstractTransferListenerAdapter - Downloaded https://repo.maven.apache.org/maven2/com/sun/jersey/jersey-json/1.8/jersey-json-1.8.jar
2017-08-18 13:39:51,585 [Worker-102] INFO  o.e.m.c.i.e.AbstractTransferListenerAdapter - Downloading https://repo.maven.apache.org/maven2/org/codehaus/jettison/jettison/1.1/jettison-1.1.jar
2017-08-18 13:39:51,989 [Worker-102] INFO  o.e.m.c.i.e.AbstractTransferListenerAdapter - Downloaded https://repo.maven.apache.org/maven2/org/codehaus/jettison/jettison/1.1/jettison-1.1.jar
2017-08-18 13:39:52,304 [Worker-102] INFO  o.e.m.c.i.e.AbstractTransferListenerAdapter - Downloading https://repo.maven.apache.org/maven2/stax/stax-api/1.0.1/stax-api-1.0.1.jar
2017-08-18 13:39:52,644 [Worker-102] INFO  o.e.m.c.i.e.AbstractTransferListenerAdapter - Downloaded https://repo.maven.apache.org/maven2/stax/stax-api/1.0.1/stax-api-1.0.1.jar
2017-08-18 13:39:52,894 [Worker-102] INFO  o.e.m.c.i.e.AbstractTransferListenerAdapter - Downloading https://repo.maven.apache.org/maven2/com/sun/xml/bind/jaxb-impl/2.2.3-1/jaxb-impl-2.2.3-1.jar
2017-08-18 13:39:54,208 [Worker-102] INFO  o.e.m.c.i.e.AbstractTransferListenerAdapter - Downloaded https://repo.maven.apache.org/maven2/com/sun/xml/bind/jaxb-impl/2.2.3-1/jaxb-impl-2.2.3-1.jar
2017-08-18 13:39:54,528 [Worker-102] INFO  o.e.m.c.i.e.AbstractTransferListenerAdapter - Downloading https://repo.maven.apache.org/maven2/javax/xml/bind/jaxb-api/2.2.2/jaxb-api-2.2.2.jar
2017-08-18 13:39:54,936 [Worker-102] INFO  o.e.m.c.i.e.AbstractTransferListenerAdapter - Downloaded https://repo.maven.apache.org/maven2/javax/xml/bind/jaxb-api/2.2.2/jaxb-api-2.2.2.jar
2017-08-18 13:39:55,271 [Worker-102] INFO  o.e.m.c.i.e.AbstractTransferListenerAdapter - Downloading https://repo.maven.apache.org/maven2/javax/xml/stream/stax-api/1.0-2/stax-api-1.0-2.jar
2017-08-18 13:39:55,603 [Worker-102] INFO  o.e.m.c.i.e.AbstractTransferListenerAdapter - Downloaded https://repo.maven.apache.org/maven2/javax/xml/stream/stax-api/1.0-2/stax-api-1.0-2.jar
2017-08-18 13:39:55,910 [Worker-102] INFO  o.e.m.c.i.e.AbstractTransferListenerAdapter - Downloading https://repo.maven.apache.org/maven2/javax/activation/activation/1.1/activation-1.1.jar
2017-08-18 13:39:56,320 [Worker-102] INFO  o.e.m.c.i.e.AbstractTransferListenerAdapter - Downloaded https://repo.maven.apache.org/maven2/javax/activation/activation/1.1/activation-1.1.jar
2017-08-18 13:39:56,658 [Worker-102] INFO  o.e.m.c.i.e.AbstractTransferListenerAdapter - Downloading https://repo.maven.apache.org/maven2/org/codehaus/jackson/jackson-core-asl/1.7.1/jackson-core-asl-1.7.1.jar
2017-08-18 13:39:57,125 [Worker-102] INFO  o.e.m.c.i.e.AbstractTransferListenerAdapter - Downloaded https://repo.maven.apache.org/maven2/org/codehaus/jackson/jackson-core-asl/1.7.1/jackson-core-asl-1.7.1.jar
2017-08-18 13:39:57,469 [Worker-102] INFO  o.e.m.c.i.e.AbstractTransferListenerAdapter - Downloading https://repo.maven.apache.org/maven2/org/codehaus/jackson/jackson-jaxrs/1.7.1/jackson-jaxrs-1.7.1.jar
2017-08-18 13:39:57,801 [Worker-102] INFO  o.e.m.c.i.e.AbstractTransferListenerAdapter - Downloaded https://repo.maven.apache.org/maven2/org/codehaus/jackson/jackson-jaxrs/1.7.1/jackson-jaxrs-1.7.1.jar
2017-08-18 13:39:58,106 [Worker-102] INFO  o.e.m.c.i.e.AbstractTransferListenerAdapter - Downloading https://repo.maven.apache.org/maven2/org/codehaus/jackson/jackson-xc/1.7.1/jackson-xc-1.7.1.jar
2017-08-18 13:39:58,443 [Worker-102] INFO  o.e.m.c.i.e.AbstractTransferListenerAdapter - Downloaded https://repo.maven.apache.org/maven2/org/codehaus/jackson/jackson-xc/1.7.1/jackson-xc-1.7.1.jar
2017-08-18 13:39:58,743 [Worker-102] INFO  o.e.m.c.i.e.AbstractTransferListenerAdapter - Downloading https://repo.maven.apache.org/maven2/com/sun/jersey/jersey-server/1.8/jersey-server-1.8.jar
2017-08-18 13:39:59,829 [Worker-102] INFO  o.e.m.c.i.e.AbstractTransferListenerAdapter - Downloaded https://repo.maven.apache.org/maven2/com/sun/jersey/jersey-server/1.8/jersey-server-1.8.jar
2017-08-18 13:40:00,135 [Worker-102] INFO  o.e.m.c.i.e.AbstractTransferListenerAdapter - Downloading https://repo.maven.apache.org/maven2/asm/asm/3.1/asm-3.1.jar
2017-08-18 13:40:00,451 [Worker-102] INFO  o.e.m.c.i.e.AbstractTransferListenerAdapter - Downloaded https://repo.maven.apache.org/maven2/asm/asm/3.1/asm-3.1.jar
2017-08-18 13:40:00,757 [Worker-102] INFO  o.e.m.c.i.e.AbstractTransferListenerAdapter - Downloading https://repo.maven.apache.org/maven2/commons-io/commons-io/2.1/commons-io-2.1.jar
2017-08-18 13:40:01,247 [Worker-102] INFO  o.e.m.c.i.e.AbstractTransferListenerAdapter - Downloaded https://repo.maven.apache.org/maven2/commons-io/commons-io/2.1/commons-io-2.1.jar
2017-08-18 13:40:01,627 [Worker-102] INFO  o.e.m.c.i.e.AbstractTransferListenerAdapter - Downloading https://repo.maven.apache.org/maven2/commons-httpclient/commons-httpclient/3.0.1/commons-httpclient-3.0.1.jar
2017-08-18 13:40:02,268 [Worker-102] INFO  o.e.m.c.i.e.AbstractTransferListenerAdapter - Downloaded https://repo.maven.apache.org/maven2/commons-httpclient/commons-httpclient/3.0.1/commons-httpclient-3.0.1.jar
2017-08-18 13:40:02,594 [Worker-102] INFO  o.e.m.c.i.e.AbstractTransferListenerAdapter - Downloading https://repo.maven.apache.org/maven2/commons-codec/commons-codec/1.4/commons-codec-1.4.jar
2017-08-18 13:40:02,909 [Worker-102] INFO  o.e.m.c.i.e.AbstractTransferListenerAdapter - Downloaded https://repo.maven.apache.org/maven2/commons-codec/commons-codec/1.4/commons-codec-1.4.jar
2017-08-18 13:40:03,213 [Worker-102] INFO  o.e.m.c.i.e.AbstractTransferListenerAdapter - Downloading https://repo.maven.apache.org/maven2/org/apache/commons/commons-math/2.1/commons-math-2.1.jar
2017-08-18 13:40:04,406 [Worker-102] INFO  o.e.m.c.i.e.AbstractTransferListenerAdapter - Downloaded https://repo.maven.apache.org/maven2/org/apache/commons/commons-math/2.1/commons-math-2.1.jar
2017-08-18 13:40:04,699 [Worker-102] INFO  o.e.m.c.i.e.AbstractTransferListenerAdapter - Downloading https://repo.maven.apache.org/maven2/commons-configuration/commons-configuration/1.6/commons-configuration-1.6.jar
2017-08-18 13:40:05,347 [Worker-102] INFO  o.e.m.c.i.e.AbstractTransferListenerAdapter - Downloaded https://repo.maven.apache.org/maven2/commons-configuration/commons-configuration/1.6/commons-configuration-1.6.jar
2017-08-18 13:40:05,666 [Worker-102] INFO  o.e.m.c.i.e.AbstractTransferListenerAdapter - Downloading https://repo.maven.apache.org/maven2/commons-collections/commons-collections/3.2.1/commons-collections-3.2.1.jar
2017-08-18 13:40:06,719 [Worker-102] INFO  o.e.m.c.i.e.AbstractTransferListenerAdapter - Downloaded https://repo.maven.apache.org/maven2/commons-collections/commons-collections/3.2.1/commons-collections-3.2.1.jar
2017-08-18 13:40:07,014 [Worker-102] INFO  o.e.m.c.i.e.AbstractTransferListenerAdapter - Downloading https://repo.maven.apache.org/maven2/commons-lang/commons-lang/2.4/commons-lang-2.4.jar
2017-08-18 13:40:07,680 [Worker-102] INFO  o.e.m.c.i.e.AbstractTransferListenerAdapter - Downloaded https://repo.maven.apache.org/maven2/commons-lang/commons-lang/2.4/commons-lang-2.4.jar
2017-08-18 13:40:07,982 [Worker-102] INFO  o.e.m.c.i.e.AbstractTransferListenerAdapter - Downloading https://repo.maven.apache.org/maven2/commons-digester/commons-digester/1.8/commons-digester-1.8.jar
2017-08-18 13:40:08,456 [Worker-102] INFO  o.e.m.c.i.e.AbstractTransferListenerAdapter - Downloaded https://repo.maven.apache.org/maven2/commons-digester/commons-digester/1.8/commons-digester-1.8.jar
2017-08-18 13:40:08,766 [Worker-102] INFO  o.e.m.c.i.e.AbstractTransferListenerAdapter - Downloading https://repo.maven.apache.org/maven2/commons-beanutils/commons-beanutils/1.7.0/commons-beanutils-1.7.0.jar
2017-08-18 13:40:09,227 [Worker-102] INFO  o.e.m.c.i.e.AbstractTransferListenerAdapter - Downloaded https://repo.maven.apache.org/maven2/commons-beanutils/commons-beanutils/1.7.0/commons-beanutils-1.7.0.jar
2017-08-18 13:40:09,534 [Worker-102] INFO  o.e.m.c.i.e.AbstractTransferListenerAdapter - Downloading https://repo.maven.apache.org/maven2/commons-beanutils/commons-beanutils-core/1.8.0/commons-beanutils-core-1.8.0.jar
2017-08-18 13:40:10,052 [Worker-102] INFO  o.e.m.c.i.e.AbstractTransferListenerAdapter - Downloaded https://repo.maven.apache.org/maven2/commons-beanutils/commons-beanutils-core/1.8.0/commons-beanutils-core-1.8.0.jar
2017-08-18 13:40:10,410 [Worker-102] INFO  o.e.m.c.i.e.AbstractTransferListenerAdapter - Downloading https://repo.maven.apache.org/maven2/commons-net/commons-net/1.4.1/commons-net-1.4.1.jar
2017-08-18 13:40:10,884 [Worker-102] INFO  o.e.m.c.i.e.AbstractTransferListenerAdapter - Downloaded https://repo.maven.apache.org/maven2/commons-net/commons-net/1.4.1/commons-net-1.4.1.jar
2017-08-18 13:40:11,280 [Worker-102] INFO  o.e.m.c.i.e.AbstractTransferListenerAdapter - Downloading https://repo.maven.apache.org/maven2/org/mortbay/jetty/jetty/6.1.26/jetty-6.1.26.jar
2017-08-18 13:40:12,240 [Worker-102] INFO  o.e.m.c.i.e.AbstractTransferListenerAdapter - Downloaded https://repo.maven.apache.org/maven2/org/mortbay/jetty/jetty/6.1.26/jetty-6.1.26.jar
2017-08-18 13:40:12,569 [Worker-102] INFO  o.e.m.c.i.e.AbstractTransferListenerAdapter - Downloading https://repo.maven.apache.org/maven2/org/mortbay/jetty/servlet-api/2.5-20081211/servlet-api-2.5-20081211.jar
2017-08-18 13:40:12,932 [Worker-102] INFO  o.e.m.c.i.e.AbstractTransferListenerAdapter - Downloaded https://repo.maven.apache.org/maven2/org/mortbay/jetty/servlet-api/2.5-20081211/servlet-api-2.5-20081211.jar
2017-08-18 13:40:13,241 [Worker-102] INFO  o.e.m.c.i.e.AbstractTransferListenerAdapter - Downloading https://repo.maven.apache.org/maven2/org/mortbay/jetty/jetty-util/6.1.26/jetty-util-6.1.26.jar
2017-08-18 13:40:13,711 [Worker-102] INFO  o.e.m.c.i.e.AbstractTransferListenerAdapter - Downloaded https://repo.maven.apache.org/maven2/org/mortbay/jetty/jetty-util/6.1.26/jetty-util-6.1.26.jar
2017-08-18 13:40:13,964 [Worker-102] INFO  o.e.m.c.i.e.AbstractTransferListenerAdapter - Downloading https://repo.maven.apache.org/maven2/tomcat/jasper-runtime/5.5.12/jasper-runtime-5.5.12.jar
2017-08-18 13:40:14,361 [Worker-102] INFO  o.e.m.c.i.e.AbstractTransferListenerAdapter - Downloaded https://repo.maven.apache.org/maven2/tomcat/jasper-runtime/5.5.12/jasper-runtime-5.5.12.jar
2017-08-18 13:40:14,677 [Worker-102] INFO  o.e.m.c.i.e.AbstractTransferListenerAdapter - Downloading https://repo.maven.apache.org/maven2/tomcat/jasper-compiler/5.5.12/jasper-compiler-5.5.12.jar
2017-08-18 13:40:15,449 [Worker-102] INFO  o.e.m.c.i.e.AbstractTransferListenerAdapter - Downloaded https://repo.maven.apache.org/maven2/tomcat/jasper-compiler/5.5.12/jasper-compiler-5.5.12.jar
2017-08-18 13:40:15,770 [Worker-102] INFO  o.e.m.c.i.e.AbstractTransferListenerAdapter - Downloading https://repo.maven.apache.org/maven2/org/mortbay/jetty/jsp-api-2.1/6.1.14/jsp-api-2.1-6.1.14.jar
2017-08-18 13:40:16,196 [Worker-102] INFO  o.e.m.c.i.e.AbstractTransferListenerAdapter - Downloaded https://repo.maven.apache.org/maven2/org/mortbay/jetty/jsp-api-2.1/6.1.14/jsp-api-2.1-6.1.14.jar
2017-08-18 13:40:16,513 [Worker-102] INFO  o.e.m.c.i.e.AbstractTransferListenerAdapter - Downloading https://repo.maven.apache.org/maven2/org/mortbay/jetty/servlet-api-2.5/6.1.14/servlet-api-2.5-6.1.14.jar
2017-08-18 13:40:16,929 [Worker-102] INFO  o.e.m.c.i.e.AbstractTransferListenerAdapter - Downloaded https://repo.maven.apache.org/maven2/org/mortbay/jetty/servlet-api-2.5/6.1.14/servlet-api-2.5-6.1.14.jar
2017-08-18 13:40:17,222 [Worker-102] INFO  o.e.m.c.i.e.AbstractTransferListenerAdapter - Downloading https://repo.maven.apache.org/maven2/org/mortbay/jetty/jsp-2.1/6.1.14/jsp-2.1-6.1.14.jar
2017-08-18 13:40:18,663 [Worker-102] INFO  o.e.m.c.i.e.AbstractTransferListenerAdapter - Downloaded https://repo.maven.apache.org/maven2/org/mortbay/jetty/jsp-2.1/6.1.14/jsp-2.1-6.1.14.jar
2017-08-18 13:40:18,949 [Worker-102] INFO  o.e.m.c.i.e.AbstractTransferListenerAdapter - Downloading https://repo.maven.apache.org/maven2/ant/ant/1.6.5/ant-1.6.5.jar
2017-08-18 13:40:20,430 [Worker-102] INFO  o.e.m.c.i.e.AbstractTransferListenerAdapter - Downloaded https://repo.maven.apache.org/maven2/ant/ant/1.6.5/ant-1.6.5.jar
2017-08-18 13:40:20,724 [Worker-102] INFO  o.e.m.c.i.e.AbstractTransferListenerAdapter - Downloading https://repo.maven.apache.org/maven2/commons-el/commons-el/1.0/commons-el-1.0.jar
2017-08-18 13:40:21,079 [Worker-102] INFO  o.e.m.c.i.e.AbstractTransferListenerAdapter - Downloaded https://repo.maven.apache.org/maven2/commons-el/commons-el/1.0/commons-el-1.0.jar
2017-08-18 13:40:21,375 [Worker-102] INFO  o.e.m.c.i.e.AbstractTransferListenerAdapter - Downloading https://repo.maven.apache.org/maven2/net/java/dev/jets3t/jets3t/0.6.1/jets3t-0.6.1.jar
2017-08-18 13:40:21,990 [Worker-102] INFO  o.e.m.c.i.e.AbstractTransferListenerAdapter - Downloaded https://repo.maven.apache.org/maven2/net/java/dev/jets3t/jets3t/0.6.1/jets3t-0.6.1.jar
2017-08-18 13:40:22,282 [Worker-102] INFO  o.e.m.c.i.e.AbstractTransferListenerAdapter - Downloading https://repo.maven.apache.org/maven2/hsqldb/hsqldb/1.8.0.10/hsqldb-1.8.0.10.jar
2017-08-18 13:40:23,399 [Worker-102] INFO  o.e.m.c.i.e.AbstractTransferListenerAdapter - Downloaded https://repo.maven.apache.org/maven2/hsqldb/hsqldb/1.8.0.10/hsqldb-1.8.0.10.jar
2017-08-18 13:40:23,685 [Worker-102] INFO  o.e.m.c.i.e.AbstractTransferListenerAdapter - Downloading https://repo.maven.apache.org/maven2/oro/oro/2.0.8/oro-2.0.8.jar
2017-08-18 13:40:24,143 [Worker-102] INFO  o.e.m.c.i.e.AbstractTransferListenerAdapter - Downloaded https://repo.maven.apache.org/maven2/oro/oro/2.0.8/oro-2.0.8.jar
2017-08-18 13:40:24,428 [Worker-102] INFO  o.e.m.c.i.e.AbstractTransferListenerAdapter - Downloading https://repo.maven.apache.org/maven2/org/eclipse/jdt/core/3.1.1/core-3.1.1.jar
2017-08-18 13:40:28,346 [Worker-102] INFO  o.e.m.c.i.e.AbstractTransferListenerAdapter - Downloaded https://repo.maven.apache.org/maven2/org/eclipse/jdt/core/3.1.1/core-3.1.1.jar
2017-08-18 13:40:28,617 [Worker-102] INFO  o.e.m.c.i.e.AbstractTransferListenerAdapter - Downloading https://repo.maven.apache.org/maven2/org/codehaus/jackson/jackson-mapper-asl/1.8.8/jackson-mapper-asl-1.8.8.jar
2017-08-18 13:40:29,628 [Worker-102] INFO  o.e.m.c.i.e.AbstractTransferListenerAdapter - Downloaded https://repo.maven.apache.org/maven2/org/codehaus/jackson/jackson-mapper-asl/1.8.8/jackson-mapper-asl-1.8.8.jar
2017-08-18 13:40:29,882 [Worker-102] INFO  o.e.m.c.i.e.AbstractTransferListenerAdapter - Downloading https://repo.maven.apache.org/maven2/org/apache/hadoop/hadoop-client/1.2.1/hadoop-client-1.2.1.jar
2017-08-18 13:40:30,135 [Worker-102] INFO  o.e.m.c.i.e.AbstractTransferListenerAdapter - Downloaded https://repo.maven.apache.org/maven2/org/apache/hadoop/hadoop-client/1.2.1/hadoop-client-1.2.1.jar
2017-08-18 13:40:30,434 [Worker-102] INFO  o.e.m.c.i.e.AbstractTransferListenerAdapter - Downloading https://repo.maven.apache.org/maven2/org/apache/mrunit/mrunit/0.8.0-incubating/mrunit-0.8.0-incubating.jar
2017-08-18 13:40:30,760 [Worker-102] INFO  o.e.m.c.i.e.AbstractTransferListenerAdapter - Downloaded https://repo.maven.apache.org/maven2/org/apache/mrunit/mrunit/0.8.0-incubating/mrunit-0.8.0-incubating.jar
2017-08-18 13:40:31,003 [Worker-102] INFO  o.e.m.c.i.e.AbstractTransferListenerAdapter - Downloading https://repo.maven.apache.org/maven2/commons-logging/commons-logging/1.1.1/commons-logging-1.1.1.jar
2017-08-18 13:40:31,275 [Worker-102] INFO  o.e.m.c.i.e.AbstractTransferListenerAdapter - Downloaded https://repo.maven.apache.org/maven2/commons-logging/commons-logging/1.1.1/commons-logging-1.1.1.jar
2017-08-18 13:40:31,560 [Worker-102] INFO  o.e.m.c.i.e.AbstractTransferListenerAdapter - Downloading https://repo.maven.apache.org/maven2/org/mockito/mockito-all/1.8.5/mockito-all-1.8.5.jar
2017-08-18 13:40:33,208 [Worker-102] INFO  o.e.m.c.i.e.AbstractTransferListenerAdapter - Downloaded https://repo.maven.apache.org/maven2/org/mockito/mockito-all/1.8.5/mockito-all-1.8.5.jar
2017-08-18 13:40:33,459 [Worker-102] INFO  o.e.m.c.i.e.AbstractTransferListenerAdapter - Downloading https://repo.maven.apache.org/maven2/junit/junit/4.11/junit-4.11.jar
2017-08-18 13:40:33,862 [Worker-102] INFO  o.e.m.c.i.e.AbstractTransferListenerAdapter - Downloaded https://repo.maven.apache.org/maven2/junit/junit/4.11/junit-4.11.jar
2017-08-18 13:41:07,959 [Worker-102] INFO  o.e.m.j.i.AbstractJavaProjectConfigurator - Adding source folder /example/src/main/java
2017-08-18 13:41:07,960 [Worker-102] INFO  o.e.m.j.i.AbstractJavaProjectConfigurator - Adding resource folder /example/src/main/resources
2017-08-18 13:41:07,990 [Worker-102] INFO  o.e.m.j.i.AbstractJavaProjectConfigurator - Adding source folder /example/src/test/java
2017-08-18 13:41:09,000 [Worker-102] INFO  o.e.m.c.i.p.ProjectConfigurationManager - Update completed: 377 sec
